  [1m[35mSQL (0.1ms)[0m  [1m[35mSET search_path TO public /*application='CryptoServer'*/[0m
  [1m[35m (18.4ms)[0m  [1m[35mCREATE DATABASE "crypto_exchanger_development" ENCODING = 'unicode' /*application='CryptoServer'*/[0m
  [1m[35mSQL (0.1ms)[0m  [1m[35mSET search_path TO public /*application='CryptoServer'*/[0m
  [1m[35m (11.3ms)[0m  [1m[35mCREATE DATABASE "crypto_exchanger_test" ENCODING = 'unicode' /*application='CryptoServer'*/[0m
Started GET "/" for 127.0.0.1 at 2025-04-02 16:16:53 +0300
  [1m[36mActiveRecord::SchemaMigration Load (1.0ms)[0m  [1m[34mSELECT "schema_migrations"."version" FROM "schema_migrations" ORDER BY "schema_migrations"."version" ASC /*application='CryptoServer'*/[0m
Processing by Rails::WelcomeController#index as HTML
  Rendering /Users/a1234/.rbenv/versions/3.2.7/lib/ruby/gems/3.2.0/gems/railties-8.0.2/lib/rails/templates/rails/welcome/index.html.erb
  Rendered /Users/a1234/.rbenv/versions/3.2.7/lib/ruby/gems/3.2.0/gems/railties-8.0.2/lib/rails/templates/rails/welcome/index.html.erb (Duration: 0.6ms | GC: 0.0ms)
Completed 200 OK in 11ms (Views: 3.1ms | ActiveRecord: 0.0ms (0 queries, 0 cached) | GC: 0.0ms)


  [1m[35m (0.7ms)[0m  [1m[34mSELECT pg_try_advisory_lock(6747435975801585120) /*application='CryptoServer'*/[0m
  [1m[36mActiveRecord::SchemaMigration Load (1.1ms)[0m  [1m[34mSELECT "schema_migrations"."version" FROM "schema_migrations" ORDER BY "schema_migrations"."version" ASC /*application='CryptoServer'*/[0m
  [1m[36mActiveRecord::InternalMetadata Load (4.1ms)[0m  [1m[34mSELECT * FROM "ar_internal_metadata" WHERE "ar_internal_metadata"."key" = 'environment' ORDER BY "ar_internal_metadata"."key" ASC LIMIT 1 /*application='CryptoServer'*/[0m
  [1m[36mActiveRecord::InternalMetadata Create (2.3ms)[0m  [1m[32mINSERT INTO "ar_internal_metadata" ("key", "value", "created_at", "updated_at") VALUES ('environment', 'development', '2025-04-02 13:43:23.506937', '2025-04-02 13:43:23.506938') RETURNING "key" /*application='CryptoServer'*/[0m
Migrating to CreateTransactions (20250402132650)
  [1m[36mTRANSACTION (0.1ms)[0m  [1m[35mBEGIN /*application='CryptoServer'*/[0m
  [1m[35m (13.1ms)[0m  [1m[35mCREATE TABLE "transactions" ("id" bigserial primary key, "date_time" timestamp NOT NULL, "email" character varying NOT NULL, "from_currency" decimal(15,10) NOT NULL, "to_currency" decimal(15,10) NOT NULL, "exchange_rate" decimal(15,10) NOT NULL, "exchange_fee" decimal(15,10) NOT NULL, "status" character varying NOT NULL, "created_at" timestamp(6) NOT NULL, "updated_at" timestamp(6) NOT NULL) /*application='CryptoServer'*/[0m
  [1m[36mActiveRecord::SchemaMigration Create (0.7ms)[0m  [1m[32mINSERT INTO "schema_migrations" ("version") VALUES ('20250402132650') RETURNING "version" /*application='CryptoServer'*/[0m
  [1m[36mTRANSACTION (0.8ms)[0m  [1m[35mCOMMIT /*application='CryptoServer'*/[0m
  [1m[35m (0.8ms)[0m  [1m[34mSELECT pg_advisory_unlock(6747435975801585120) /*application='CryptoServer'*/[0m
  [1m[36mActiveRecord::SchemaMigration Load (0.3ms)[0m  [1m[34mSELECT "schema_migrations"."version" FROM "schema_migrations" ORDER BY "schema_migrations"."version" ASC /*application='CryptoServer'*/[0m
  [1m[36mTransaction Load (1.4ms)[0m  [1m[34mSELECT "transactions".* FROM "transactions" ORDER BY "transactions"."id" DESC LIMIT 1 /*application='CryptoServer'*/[0m
  [1m[36mTRANSACTION (0.5ms)[0m  [1m[35mBEGIN /*application='CryptoServer'*/[0m
  [1m[36mTransaction Create (2.8ms)[0m  [1m[32mINSERT INTO "transactions" ("date_time", "email", "from_currency", "to_currency", "exchange_rate", "exchange_fee", "status", "created_at", "updated_at") VALUES (NULL, NULL, NULL, NULL, NULL, NULL, NULL, '2025-04-02 13:45:26.489114', '2025-04-02 13:45:26.489114') RETURNING "id" /*application='CryptoServer'*/[0m
  [1m[36mTRANSACTION (0.1ms)[0m  [1m[31mROLLBACK /*application='CryptoServer'*/[0m
  [1m[36mTRANSACTION (0.2ms)[0m  [1m[35mBEGIN /*application='CryptoServer'*/[0m
  [1m[36mTransaction Create (2.0ms)[0m  [1m[32mINSERT INTO "transactions" ("date_time", "email", "from_currency", "to_currency", "exchange_rate", "exchange_fee", "status", "created_at", "updated_at") VALUES (NULL, NULL, NULL, NULL, NULL, NULL, NULL, '2025-04-02 13:52:21.350042', '2025-04-02 13:52:21.350042') RETURNING "id" /*application='CryptoServer'*/[0m
  [1m[36mTRANSACTION (0.2ms)[0m  [1m[31mROLLBACK /*application='CryptoServer'*/[0m
  [1m[36mTRANSACTION (0.2ms)[0m  [1m[35mBEGIN /*application='CryptoServer'*/[0m
  [1m[36mTransaction Create (1.4ms)[0m  [1m[32mINSERT INTO "transactions" ("date_time", "email", "from_currency", "to_currency", "exchange_rate", "exchange_fee", "status", "created_at", "updated_at") VALUES (NULL, NULL, NULL, NULL, NULL, NULL, NULL, '2025-04-02 13:53:10.845756', '2025-04-02 13:53:10.845756') RETURNING "id" /*application='CryptoServer'*/[0m
  [1m[36mTRANSACTION (0.2ms)[0m  [1m[31mROLLBACK /*application='CryptoServer'*/[0m
  [1m[36mTRANSACTION (0.5ms)[0m  [1m[35mBEGIN /*application='CryptoServer'*/[0m
  [1m[36mTransaction Create (3.3ms)[0m  [1m[32mINSERT INTO "transactions" ("date_time", "email", "from_currency", "to_currency", "exchange_rate", "exchange_fee", "status", "created_at", "updated_at") VALUES (NULL, NULL, NULL, NULL, NULL, NULL, NULL, '2025-04-02 13:54:43.105607', '2025-04-02 13:54:43.105607') RETURNING "id" /*application='CryptoServer'*/[0m
  [1m[36mTRANSACTION (0.3ms)[0m  [1m[31mROLLBACK /*application='CryptoServer'*/[0m
  [1m[36mTRANSACTION (0.2ms)[0m  [1m[35mBEGIN /*application='CryptoServer'*/[0m
  [1m[36mTransaction Create (1.4ms)[0m  [1m[32mINSERT INTO "transactions" ("date_time", "email", "from_currency", "to_currency", "exchange_rate", "exchange_fee", "status", "created_at", "updated_at") VALUES (NULL, NULL, NULL, NULL, NULL, NULL, NULL, '2025-04-02 13:55:16.033713', '2025-04-02 13:55:16.033713') RETURNING "id" /*application='CryptoServer'*/[0m
  [1m[36mTRANSACTION (0.2ms)[0m  [1m[31mROLLBACK /*application='CryptoServer'*/[0m
Started GET "/" for 127.0.0.1 at 2025-04-02 17:20:55 +0300
  [1m[36mActiveRecord::SchemaMigration Load (1.2ms)[0m  [1m[34mSELECT "schema_migrations"."version" FROM "schema_migrations" ORDER BY "schema_migrations"."version" ASC /*application='CryptoServer'*/[0m
Processing by Rails::WelcomeController#index as HTML
  Rendering /Users/a1234/.rbenv/versions/3.2.7/lib/ruby/gems/3.2.0/gems/railties-8.0.2/lib/rails/templates/rails/welcome/index.html.erb
  Rendered /Users/a1234/.rbenv/versions/3.2.7/lib/ruby/gems/3.2.0/gems/railties-8.0.2/lib/rails/templates/rails/welcome/index.html.erb (Duration: 0.4ms | GC: 0.0ms)
Completed 200 OK in 33ms (Views: 12.1ms | ActiveRecord: 0.0ms (0 queries, 0 cached) | GC: 20.7ms)


Started GET "/api/transactions" for ::1 at 2025-04-02 17:26:21 +0300
Processing by Api::TransactionsController#index as */*
  [1m[36mTransaction Load (15.7ms)[0m  [1m[34mSELECT "transactions".* FROM "transactions" /*action='index',application='CryptoServer',controller='transactions'*/[0m
  ↳ app/controllers/api/transactions_controller.rb:4:in `index'
Completed 200 OK in 25ms (Views: -5.3ms | ActiveRecord: 21.9ms (1 query, 0 cached) | GC: 0.2ms)


Started GET "/api/transactions" for ::1 at 2025-04-02 17:26:50 +0300
Processing by Api::TransactionsController#index as */*
  [1m[36mTransaction Load (0.5ms)[0m  [1m[34mSELECT "transactions".* FROM "transactions" /*action='index',application='CryptoServer',controller='transactions'*/[0m
  ↳ app/controllers/api/transactions_controller.rb:4:in `index'
Completed 200 OK in 1ms (Views: 0.9ms | ActiveRecord: 0.4ms (1 query, 0 cached) | GC: 0.0ms)


Started GET "/api/transactions" for ::1 at 2025-04-02 17:26:50 +0300
Processing by Api::TransactionsController#index as */*
  [1m[36mTransaction Load (0.3ms)[0m  [1m[34mSELECT "transactions".* FROM "transactions" /*action='index',application='CryptoServer',controller='transactions'*/[0m
  ↳ app/controllers/api/transactions_controller.rb:4:in `index'
Completed 200 OK in 1ms (Views: 0.6ms | ActiveRecord: 0.3ms (1 query, 0 cached) | GC: 0.0ms)


Started GET "/api/transactions" for ::1 at 2025-04-02 17:27:11 +0300
Processing by Api::TransactionsController#index as */*
  [1m[36mTransaction Load (0.3ms)[0m  [1m[34mSELECT "transactions".* FROM "transactions" /*action='index',application='CryptoServer',controller='transactions'*/[0m
  ↳ app/controllers/api/transactions_controller.rb:4:in `index'
Completed 200 OK in 2ms (Views: 1.7ms | ActiveRecord: 0.3ms (1 query, 0 cached) | GC: 0.0ms)


Started GET "/api/transactions" for ::1 at 2025-04-02 17:27:11 +0300
Processing by Api::TransactionsController#index as */*
  [1m[36mTransaction Load (0.3ms)[0m  [1m[34mSELECT "transactions".* FROM "transactions" /*action='index',application='CryptoServer',controller='transactions'*/[0m
  ↳ app/controllers/api/transactions_controller.rb:4:in `index'
Completed 200 OK in 1ms (Views: 0.6ms | ActiveRecord: 0.3ms (1 query, 0 cached) | GC: 0.0ms)


Started GET "/api/transactions" for ::1 at 2025-04-02 17:27:11 +0300
Processing by Api::TransactionsController#index as */*
  [1m[36mTransaction Load (0.3ms)[0m  [1m[34mSELECT "transactions".* FROM "transactions" /*action='index',application='CryptoServer',controller='transactions'*/[0m
  ↳ app/controllers/api/transactions_controller.rb:4:in `index'
Completed 200 OK in 3ms (Views: 2.0ms | ActiveRecord: 0.3ms (1 query, 0 cached) | GC: 0.0ms)


  [1m[36mTRANSACTION (0.2ms)[0m  [1m[35mBEGIN /*application='CryptoServer'*/[0m
  [1m[36mTransaction Create (2.5ms)[0m  [1m[32mINSERT INTO "transactions" ("date_time", "email", "from_currency", "to_currency", "exchange_rate", "exchange_fee", "status", "created_at", "updated_at") VALUES ('2025-04-02 14:31:50.137322', 'carlton.ankunding@gusikowski-funk.example', 4.6248, 1.5441, 2149.4235, 0.0122, 'Fail', '2025-04-02 14:31:50.186180', '2025-04-02 14:31:50.186180') RETURNING "id" /*application='CryptoServer'*/[0m
  [1m[36mTRANSACTION (0.5ms)[0m  [1m[35mCOMMIT /*application='CryptoServer'*/[0m
  [1m[36mTRANSACTION (0.1ms)[0m  [1m[35mBEGIN /*application='CryptoServer'*/[0m
  [1m[36mTransaction Create (0.6ms)[0m  [1m[32mINSERT INTO "transactions" ("date_time", "email", "from_currency", "to_currency", "exchange_rate", "exchange_fee", "status", "created_at", "updated_at") VALUES ('2025-04-02 14:31:50.192426', 'nigel@stokes-jacobson.test', 7.2515, 1.423, 4389.0547, 0.0351, 'Success', '2025-04-02 14:31:50.192742', '2025-04-02 14:31:50.192742') RETURNING "id" /*application='CryptoServer'*/[0m
  [1m[36mTRANSACTION (0.2ms)[0m  [1m[35mCOMMIT /*application='CryptoServer'*/[0m
  [1m[36mTRANSACTION (0.1ms)[0m  [1m[35mBEGIN /*application='CryptoServer'*/[0m
  [1m[36mTransaction Create (0.5ms)[0m  [1m[32mINSERT INTO "transactions" ("date_time", "email", "from_currency", "to_currency", "exchange_rate", "exchange_fee", "status", "created_at", "updated_at") VALUES ('2025-04-02 14:31:50.193951', 'connie_macejkovic@kihn.test', 1.969, 6.0141, 1185.5398, 0.0712, 'Success', '2025-04-02 14:31:50.194205', '2025-04-02 14:31:50.194205') RETURNING "id" /*application='CryptoServer'*/[0m
  [1m[36mTRANSACTION (0.2ms)[0m  [1m[35mCOMMIT /*application='CryptoServer'*/[0m
  [1m[36mTRANSACTION (0.1ms)[0m  [1m[35mBEGIN /*application='CryptoServer'*/[0m
  [1m[36mTransaction Create (0.4ms)[0m  [1m[32mINSERT INTO "transactions" ("date_time", "email", "from_currency", "to_currency", "exchange_rate", "exchange_fee", "status", "created_at", "updated_at") VALUES ('2025-04-02 14:31:50.195268', 'adan_hartmann@moen.test', 4.3225, 2.2469, 3953.8393, 0.0838, 'Success', '2025-04-02 14:31:50.195508', '2025-04-02 14:31:50.195508') RETURNING "id" /*application='CryptoServer'*/[0m
  [1m[36mTRANSACTION (0.2ms)[0m  [1m[35mCOMMIT /*application='CryptoServer'*/[0m
  [1m[36mTRANSACTION (0.1ms)[0m  [1m[35mBEGIN /*application='CryptoServer'*/[0m
  [1m[36mTransaction Create (0.3ms)[0m  [1m[32mINSERT INTO "transactions" ("date_time", "email", "from_currency", "to_currency", "exchange_rate", "exchange_fee", "status", "created_at", "updated_at") VALUES ('2025-04-02 14:31:50.196518', 'marline@crona-ruecker.example', 4.407, 7.5198, 3024.6317, 0.0756, 'Success', '2025-04-02 14:31:50.196750', '2025-04-02 14:31:50.196750') RETURNING "id" /*application='CryptoServer'*/[0m
  [1m[36mTRANSACTION (0.1ms)[0m  [1m[35mCOMMIT /*application='CryptoServer'*/[0m
  [1m[36mTRANSACTION (0.1ms)[0m  [1m[35mBEGIN /*application='CryptoServer'*/[0m
  [1m[36mTransaction Create (0.3ms)[0m  [1m[32mINSERT INTO "transactions" ("date_time", "email", "from_currency", "to_currency", "exchange_rate", "exchange_fee", "status", "created_at", "updated_at") VALUES ('2025-04-02 14:31:50.197588', 'carter@mraz.test', 4.2918, 5.4307, 2849.4805, 0.0818, 'Fail', '2025-04-02 14:31:50.197864', '2025-04-02 14:31:50.197864') RETURNING "id" /*application='CryptoServer'*/[0m
  [1m[36mTRANSACTION (0.1ms)[0m  [1m[35mCOMMIT /*application='CryptoServer'*/[0m
  [1m[36mTRANSACTION (0.1ms)[0m  [1m[35mBEGIN /*application='CryptoServer'*/[0m
  [1m[36mTransaction Create (0.3ms)[0m  [1m[32mINSERT INTO "transactions" ("date_time", "email", "from_currency", "to_currency", "exchange_rate", "exchange_fee", "status", "created_at", "updated_at") VALUES ('2025-04-02 14:31:50.198972', 'aaron_hettinger@koepp.test', 2.0842, 5.2058, 640.5879, 0.0885, 'Fail', '2025-04-02 14:31:50.199216', '2025-04-02 14:31:50.199216') RETURNING "id" /*application='CryptoServer'*/[0m
  [1m[36mTRANSACTION (0.1ms)[0m  [1m[35mCOMMIT /*application='CryptoServer'*/[0m
  [1m[36mTRANSACTION (0.1ms)[0m  [1m[35mBEGIN /*application='CryptoServer'*/[0m
  [1m[36mTransaction Create (0.3ms)[0m  [1m[32mINSERT INTO "transactions" ("date_time", "email", "from_currency", "to_currency", "exchange_rate", "exchange_fee", "status", "created_at", "updated_at") VALUES ('2025-04-02 14:31:50.199937', 'malcolm.trantow@emmerich.example', 1.0642, 8.7322, 3240.121, 0.0227, 'Success', '2025-04-02 14:31:50.200151', '2025-04-02 14:31:50.200151') RETURNING "id" /*application='CryptoServer'*/[0m
  [1m[36mTRANSACTION (0.2ms)[0m  [1m[35mCOMMIT /*application='CryptoServer'*/[0m
  [1m[36mTRANSACTION (0.1ms)[0m  [1m[35mBEGIN /*application='CryptoServer'*/[0m
  [1m[36mTransaction Create (0.3ms)[0m  [1m[32mINSERT INTO "transactions" ("date_time", "email", "from_currency", "to_currency", "exchange_rate", "exchange_fee", "status", "created_at", "updated_at") VALUES ('2025-04-02 14:31:50.200956', 'edmund@kling-feest.test', 6.2654, 0.8513, 3523.5708, 0.0255, 'Success', '2025-04-02 14:31:50.201161', '2025-04-02 14:31:50.201161') RETURNING "id" /*application='CryptoServer'*/[0m
  [1m[36mTRANSACTION (0.2ms)[0m  [1m[35mCOMMIT /*application='CryptoServer'*/[0m
  [1m[36mTRANSACTION (0.1ms)[0m  [1m[35mBEGIN /*application='CryptoServer'*/[0m
  [1m[36mTransaction Create (0.3ms)[0m  [1m[32mINSERT INTO "transactions" ("date_time", "email", "from_currency", "to_currency", "exchange_rate", "exchange_fee", "status", "created_at", "updated_at") VALUES ('2025-04-02 14:31:50.201951', 'laurence_beier@legros.test', 8.5956, 8.3708, 4540.9373, 0.019, 'Fail', '2025-04-02 14:31:50.202157', '2025-04-02 14:31:50.202157') RETURNING "id" /*application='CryptoServer'*/[0m
  [1m[36mTRANSACTION (0.2ms)[0m  [1m[35mCOMMIT /*application='CryptoServer'*/[0m
  [1m[36mTransaction Load (1.3ms)[0m  [1m[34mSELECT "transactions".* FROM "transactions" /* loading for pp */ LIMIT 11 /*application='CryptoServer'*/[0m
  [1m[36mTransaction Load (27.9ms)[0m  [1m[34mSELECT "transactions".* FROM "transactions" /* loading for pp */ LIMIT 11 /*application='CryptoServer'*/[0m
Started GET "/api/transactions" for ::1 at 2025-04-02 17:33:25 +0300
Processing by Api::TransactionsController#index as */*
  [1m[36mTransaction Load (10.7ms)[0m  [1m[34mSELECT "transactions".* FROM "transactions" /*action='index',application='CryptoServer',controller='transactions'*/[0m
  ↳ app/controllers/api/transactions_controller.rb:4:in `index'
Completed 200 OK in 28ms (Views: 7.0ms | ActiveRecord: 20.8ms (1 query, 0 cached) | GC: 0.0ms)


Started GET "/api/transactions" for ::1 at 2025-04-02 17:33:25 +0300
Processing by Api::TransactionsController#index as */*
  [1m[36mTransaction Load (0.5ms)[0m  [1m[34mSELECT "transactions".* FROM "transactions" /*action='index',application='CryptoServer',controller='transactions'*/[0m
  ↳ app/controllers/api/transactions_controller.rb:4:in `index'
Completed 200 OK in 3ms (Views: 2.3ms | ActiveRecord: 0.4ms (1 query, 0 cached) | GC: 0.0ms)


Started GET "/api/transactions" for ::1 at 2025-04-02 17:33:25 +0300
Processing by Api::TransactionsController#index as */*
  [1m[36mTransaction Load (0.5ms)[0m  [1m[34mSELECT "transactions".* FROM "transactions" /*action='index',application='CryptoServer',controller='transactions'*/[0m
  ↳ app/controllers/api/transactions_controller.rb:4:in `index'
Completed 200 OK in 3ms (Views: 2.8ms | ActiveRecord: 0.5ms (1 query, 0 cached) | GC: 0.0ms)


Started GET "/api/transactions" for ::1 at 2025-04-02 17:33:27 +0300
Processing by Api::TransactionsController#index as */*
  [1m[36mTransaction Load (1.0ms)[0m  [1m[34mSELECT "transactions".* FROM "transactions" /*action='index',application='CryptoServer',controller='transactions'*/[0m
  ↳ app/controllers/api/transactions_controller.rb:4:in `index'
Completed 200 OK in 3ms (Views: 2.2ms | ActiveRecord: 1.0ms (1 query, 0 cached) | GC: 0.0ms)


Started GET "/api/transactions" for ::1 at 2025-04-02 17:33:27 +0300
Processing by Api::TransactionsController#index as */*
  [1m[36mTransaction Load (0.5ms)[0m  [1m[34mSELECT "transactions".* FROM "transactions" /*action='index',application='CryptoServer',controller='transactions'*/[0m
  ↳ app/controllers/api/transactions_controller.rb:4:in `index'
Completed 200 OK in 2ms (Views: 1.2ms | ActiveRecord: 0.5ms (1 query, 0 cached) | GC: 0.0ms)


Started GET "/api/transactions" for ::1 at 2025-04-02 17:33:27 +0300
Processing by Api::TransactionsController#index as */*
  [1m[36mTransaction Load (0.5ms)[0m  [1m[34mSELECT "transactions".* FROM "transactions" /*action='index',application='CryptoServer',controller='transactions'*/[0m
  ↳ app/controllers/api/transactions_controller.rb:4:in `index'
Completed 200 OK in 3ms (Views: 2.0ms | ActiveRecord: 0.5ms (1 query, 0 cached) | GC: 0.0ms)


Started GET "/api/transactions" for ::1 at 2025-04-02 17:33:54 +0300
Processing by Api::TransactionsController#index as */*
  [1m[36mTransaction Load (0.5ms)[0m  [1m[34mSELECT "transactions".* FROM "transactions" /*action='index',application='CryptoServer',controller='transactions'*/[0m
  ↳ app/controllers/api/transactions_controller.rb:4:in `index'
Completed 200 OK in 2ms (Views: 1.2ms | ActiveRecord: 0.5ms (1 query, 0 cached) | GC: 0.0ms)


Started GET "/api/transactions" for ::1 at 2025-04-02 17:33:54 +0300
Processing by Api::TransactionsController#index as */*
  [1m[36mTransaction Load (0.5ms)[0m  [1m[34mSELECT "transactions".* FROM "transactions" /*action='index',application='CryptoServer',controller='transactions'*/[0m
  ↳ app/controllers/api/transactions_controller.rb:4:in `index'
Completed 200 OK in 2ms (Views: 1.5ms | ActiveRecord: 0.5ms (1 query, 0 cached) | GC: 0.0ms)


Started GET "/api/transactions" for ::1 at 2025-04-02 17:33:54 +0300
Processing by Api::TransactionsController#index as */*
  [1m[36mTransaction Load (0.4ms)[0m  [1m[34mSELECT "transactions".* FROM "transactions" /*action='index',application='CryptoServer',controller='transactions'*/[0m
  ↳ app/controllers/api/transactions_controller.rb:4:in `index'
Completed 200 OK in 3ms (Views: 2.8ms | ActiveRecord: 0.4ms (1 query, 0 cached) | GC: 0.0ms)


Started GET "/api/transactions" for ::1 at 2025-04-02 17:35:34 +0300
  [1m[36mActiveRecord::SchemaMigration Load (1.0ms)[0m  [1m[34mSELECT "schema_migrations"."version" FROM "schema_migrations" ORDER BY "schema_migrations"."version" ASC /*application='CryptoServer'*/[0m
Processing by Api::TransactionsController#index as */*
  [1m[36mTransaction Load (10.0ms)[0m  [1m[34mSELECT "transactions".* FROM "transactions" /*action='index',application='CryptoServer',controller='transactions'*/[0m
  ↳ app/controllers/api/transactions_controller.rb:4:in `index'
Completed 200 OK in 36ms (Views: 1.5ms | ActiveRecord: 21.8ms (1 query, 0 cached) | GC: 0.0ms)


Started GET "/api/transactions" for ::1 at 2025-04-02 17:35:34 +0300
Processing by Api::TransactionsController#index as */*
  [1m[36mTransaction Load (0.6ms)[0m  [1m[34mSELECT "transactions".* FROM "transactions" /*action='index',application='CryptoServer',controller='transactions'*/[0m
  ↳ app/controllers/api/transactions_controller.rb:4:in `index'
Completed 200 OK in 4ms (Views: 3.6ms | ActiveRecord: 0.6ms (1 query, 0 cached) | GC: 0.0ms)


Started GET "/api/transactions" for ::1 at 2025-04-03 16:56:15 +0300
Processing by Api::TransactionsController#index as */*
  [1m[36mTransaction Load (35.5ms)[0m  [1m[34mSELECT "transactions".* FROM "transactions" /*action='index',application='CryptoServer',controller='transactions'*/[0m
  ↳ app/controllers/api/transactions_controller.rb:4:in `index'
Completed 200 OK in 43ms (Views: -4.6ms | ActiveRecord: 46.5ms (1 query, 0 cached) | GC: 9.3ms)


Started GET "/api/transactions" for ::1 at 2025-04-03 16:56:15 +0300
Processing by Api::TransactionsController#index as */*
  [1m[36mTransaction Load (0.6ms)[0m  [1m[34mSELECT "transactions".* FROM "transactions" /*action='index',application='CryptoServer',controller='transactions'*/[0m
  ↳ app/controllers/api/transactions_controller.rb:4:in `index'
Completed 200 OK in 3ms (Views: 1.9ms | ActiveRecord: 0.6ms (1 query, 0 cached) | GC: 0.0ms)


Started GET "/api/transactions" for ::1 at 2025-04-03 17:17:29 +0300
Processing by Api::TransactionsController#index as */*
  [1m[36mTransaction Load (13.4ms)[0m  [1m[34mSELECT "transactions".* FROM "transactions" /*action='index',application='CryptoServer',controller='transactions'*/[0m
  ↳ app/controllers/api/transactions_controller.rb:4:in `index'
Completed 200 OK in 19ms (Views: -2.4ms | ActiveRecord: 20.8ms (1 query, 0 cached) | GC: 0.4ms)


Started GET "/api/transactions" for ::1 at 2025-04-03 17:17:29 +0300
Processing by Api::TransactionsController#index as */*
  [1m[36mTransaction Load (0.8ms)[0m  [1m[34mSELECT "transactions".* FROM "transactions" /*action='index',application='CryptoServer',controller='transactions'*/[0m
  ↳ app/controllers/api/transactions_controller.rb:4:in `index'
Completed 200 OK in 3ms (Views: 1.9ms | ActiveRecord: 0.8ms (1 query, 0 cached) | GC: 0.8ms)


Started GET "/api/transactions" for ::1 at 2025-04-03 17:19:26 +0300
Processing by Api::TransactionsController#index as */*
  [1m[36mTransaction Load (1.2ms)[0m  [1m[34mSELECT "transactions".* FROM "transactions" /*action='index',application='CryptoServer',controller='transactions'*/[0m
  ↳ app/controllers/api/transactions_controller.rb:4:in `index'
Completed 200 OK in 7ms (Views: 5.9ms | ActiveRecord: 1.2ms (1 query, 0 cached) | GC: 0.5ms)


Started GET "/api/transactions" for ::1 at 2025-04-03 17:19:26 +0300
Processing by Api::TransactionsController#index as */*
  [1m[36mTransaction Load (0.6ms)[0m  [1m[34mSELECT "transactions".* FROM "transactions" /*action='index',application='CryptoServer',controller='transactions'*/[0m
  ↳ app/controllers/api/transactions_controller.rb:4:in `index'
Completed 200 OK in 2ms (Views: 1.6ms | ActiveRecord: 0.6ms (1 query, 0 cached) | GC: 0.0ms)


Started GET "/api/transactions" for ::1 at 2025-04-03 17:19:27 +0300
Processing by Api::TransactionsController#index as */*
  [1m[36mTransaction Load (0.5ms)[0m  [1m[34mSELECT "transactions".* FROM "transactions" /*action='index',application='CryptoServer',controller='transactions'*/[0m
  ↳ app/controllers/api/transactions_controller.rb:4:in `index'
Completed 200 OK in 2ms (Views: 1.4ms | ActiveRecord: 0.4ms (1 query, 0 cached) | GC: 0.0ms)


Started GET "/api/transactions" for ::1 at 2025-04-03 17:19:27 +0300
Processing by Api::TransactionsController#index as */*
  [1m[36mTransaction Load (0.5ms)[0m  [1m[34mSELECT "transactions".* FROM "transactions" /*action='index',application='CryptoServer',controller='transactions'*/[0m
  ↳ app/controllers/api/transactions_controller.rb:4:in `index'
Completed 200 OK in 2ms (Views: 1.6ms | ActiveRecord: 0.5ms (1 query, 0 cached) | GC: 0.2ms)


Started GET "/api/transactions" for ::1 at 2025-04-03 17:19:31 +0300
Processing by Api::TransactionsController#index as */*
  [1m[36mTransaction Load (0.5ms)[0m  [1m[34mSELECT "transactions".* FROM "transactions" /*action='index',application='CryptoServer',controller='transactions'*/[0m
  ↳ app/controllers/api/transactions_controller.rb:4:in `index'
Completed 200 OK in 2ms (Views: 1.5ms | ActiveRecord: 0.5ms (1 query, 0 cached) | GC: 0.2ms)


Started GET "/api/transactions" for ::1 at 2025-04-03 17:19:31 +0300
Processing by Api::TransactionsController#index as */*
  [1m[36mTransaction Load (0.5ms)[0m  [1m[34mSELECT "transactions".* FROM "transactions" /*action='index',application='CryptoServer',controller='transactions'*/[0m
  ↳ app/controllers/api/transactions_controller.rb:4:in `index'
Completed 200 OK in 2ms (Views: 1.2ms | ActiveRecord: 0.5ms (1 query, 0 cached) | GC: 0.0ms)


Started GET "/api/transactions" for ::1 at 2025-04-03 17:19:31 +0300
Processing by Api::TransactionsController#index as */*
  [1m[36mTransaction Load (0.4ms)[0m  [1m[34mSELECT "transactions".* FROM "transactions" /*action='index',application='CryptoServer',controller='transactions'*/[0m
  ↳ app/controllers/api/transactions_controller.rb:4:in `index'
Completed 200 OK in 3ms (Views: 2.3ms | ActiveRecord: 0.4ms (1 query, 0 cached) | GC: 0.0ms)


Started GET "/api/transactions" for ::1 at 2025-04-03 17:19:31 +0300
Processing by Api::TransactionsController#index as */*
  [1m[36mTransaction Load (0.5ms)[0m  [1m[34mSELECT "transactions".* FROM "transactions" /*action='index',application='CryptoServer',controller='transactions'*/[0m
  ↳ app/controllers/api/transactions_controller.rb:4:in `index'
Completed 200 OK in 2ms (Views: 1.4ms | ActiveRecord: 0.5ms (1 query, 0 cached) | GC: 0.2ms)


Started GET "/api/transactions" for ::1 at 2025-04-03 17:19:34 +0300
Processing by Api::TransactionsController#index as */*
  [1m[36mTransaction Load (0.6ms)[0m  [1m[34mSELECT "transactions".* FROM "transactions" /*action='index',application='CryptoServer',controller='transactions'*/[0m
  ↳ app/controllers/api/transactions_controller.rb:4:in `index'
Completed 200 OK in 3ms (Views: 2.7ms | ActiveRecord: 0.6ms (1 query, 0 cached) | GC: 0.7ms)


Started GET "/api/transactions" for ::1 at 2025-04-03 17:19:34 +0300
Processing by Api::TransactionsController#index as */*
  [1m[36mTransaction Load (0.5ms)[0m  [1m[34mSELECT "transactions".* FROM "transactions" /*action='index',application='CryptoServer',controller='transactions'*/[0m
  ↳ app/controllers/api/transactions_controller.rb:4:in `index'
Completed 200 OK in 2ms (Views: 1.5ms | ActiveRecord: 0.5ms (1 query, 0 cached) | GC: 0.2ms)


Started GET "/api/transactions" for ::1 at 2025-04-03 17:19:36 +0300
Processing by Api::TransactionsController#index as */*
  [1m[36mTransaction Load (1.3ms)[0m  [1m[34mSELECT "transactions".* FROM "transactions" /*action='index',application='CryptoServer',controller='transactions'*/[0m
  ↳ app/controllers/api/transactions_controller.rb:4:in `index'
Completed 200 OK in 4ms (Views: 2.0ms | ActiveRecord: 1.2ms (1 query, 0 cached) | GC: 0.2ms)


Started GET "/api/transactions" for ::1 at 2025-04-03 17:19:36 +0300
Processing by Api::TransactionsController#index as */*
  [1m[36mTransaction Load (0.4ms)[0m  [1m[34mSELECT "transactions".* FROM "transactions" /*action='index',application='CryptoServer',controller='transactions'*/[0m
  ↳ app/controllers/api/transactions_controller.rb:4:in `index'
Completed 200 OK in 2ms (Views: 1.2ms | ActiveRecord: 0.4ms (1 query, 0 cached) | GC: 0.0ms)


Started GET "/api/transactions" for ::1 at 2025-04-03 17:19:49 +0300
Processing by Api::TransactionsController#index as */*
  [1m[36mTransaction Load (0.6ms)[0m  [1m[34mSELECT "transactions".* FROM "transactions" /*action='index',application='CryptoServer',controller='transactions'*/[0m
  ↳ app/controllers/api/transactions_controller.rb:4:in `index'
Completed 200 OK in 3ms (Views: 2.1ms | ActiveRecord: 0.5ms (1 query, 0 cached) | GC: 0.3ms)


Started GET "/api/transactions" for ::1 at 2025-04-03 17:19:49 +0300
Processing by Api::TransactionsController#index as */*
  [1m[36mTransaction Load (0.5ms)[0m  [1m[34mSELECT "transactions".* FROM "transactions" /*action='index',application='CryptoServer',controller='transactions'*/[0m
  ↳ app/controllers/api/transactions_controller.rb:4:in `index'
Completed 200 OK in 2ms (Views: 1.2ms | ActiveRecord: 0.5ms (1 query, 0 cached) | GC: 0.0ms)


Started GET "/api/transactions" for ::1 at 2025-04-03 17:23:18 +0300
Processing by Api::TransactionsController#index as */*
  [1m[36mTransaction Load (1.1ms)[0m  [1m[34mSELECT "transactions".* FROM "transactions" /*action='index',application='CryptoServer',controller='transactions'*/[0m
  ↳ app/controllers/api/transactions_controller.rb:4:in `index'
Completed 200 OK in 5ms (Views: 3.6ms | ActiveRecord: 1.1ms (1 query, 0 cached) | GC: 0.0ms)


Started GET "/api/transactions" for ::1 at 2025-04-03 17:23:18 +0300
Processing by Api::TransactionsController#index as */*
  [1m[36mTransaction Load (0.6ms)[0m  [1m[34mSELECT "transactions".* FROM "transactions" /*action='index',application='CryptoServer',controller='transactions'*/[0m
  ↳ app/controllers/api/transactions_controller.rb:4:in `index'
Completed 200 OK in 2ms (Views: 1.4ms | ActiveRecord: 0.6ms (1 query, 0 cached) | GC: 0.0ms)


Started GET "/api/transactions" for ::1 at 2025-04-03 17:28:49 +0300
Processing by Api::TransactionsController#index as */*
  [1m[36mTransaction Load (1.9ms)[0m  [1m[34mSELECT "transactions".* FROM "transactions" /*action='index',application='CryptoServer',controller='transactions'*/[0m
  ↳ app/controllers/api/transactions_controller.rb:4:in `index'
Completed 200 OK in 11ms (Views: 7.8ms | ActiveRecord: 1.9ms (1 query, 0 cached) | GC: 0.0ms)


Started GET "/api/transactions" for ::1 at 2025-04-03 17:28:49 +0300
Processing by Api::TransactionsController#index as */*
  [1m[36mTransaction Load (0.6ms)[0m  [1m[34mSELECT "transactions".* FROM "transactions" /*action='index',application='CryptoServer',controller='transactions'*/[0m
  ↳ app/controllers/api/transactions_controller.rb:4:in `index'
Completed 200 OK in 2ms (Views: 1.3ms | ActiveRecord: 0.6ms (1 query, 0 cached) | GC: 0.0ms)


Started GET "/api/transactions" for ::1 at 2025-04-03 17:30:50 +0300
Processing by Api::TransactionsController#index as */*
  [1m[36mTransaction Load (1.4ms)[0m  [1m[34mSELECT "transactions".* FROM "transactions" /*action='index',application='CryptoServer',controller='transactions'*/[0m
  ↳ app/controllers/api/transactions_controller.rb:4:in `index'
Completed 200 OK in 5ms (Views: 3.2ms | ActiveRecord: 1.3ms (1 query, 0 cached) | GC: 0.0ms)


Started GET "/api/transactions" for ::1 at 2025-04-03 17:30:50 +0300
Processing by Api::TransactionsController#index as */*
  [1m[36mTransaction Load (0.5ms)[0m  [1m[34mSELECT "transactions".* FROM "transactions" /*action='index',application='CryptoServer',controller='transactions'*/[0m
  ↳ app/controllers/api/transactions_controller.rb:4:in `index'
Completed 200 OK in 2ms (Views: 1.2ms | ActiveRecord: 0.5ms (1 query, 0 cached) | GC: 0.0ms)


Started GET "/api/transactions" for ::1 at 2025-04-03 17:31:29 +0300
Processing by Api::TransactionsController#index as */*
  [1m[36mTransaction Load (0.5ms)[0m  [1m[34mSELECT "transactions".* FROM "transactions" /*action='index',application='CryptoServer',controller='transactions'*/[0m
  ↳ app/controllers/api/transactions_controller.rb:4:in `index'
Completed 200 OK in 2ms (Views: 1.3ms | ActiveRecord: 0.5ms (1 query, 0 cached) | GC: 0.0ms)


Started GET "/api/transactions" for ::1 at 2025-04-03 17:31:29 +0300
Processing by Api::TransactionsController#index as */*
  [1m[36mTransaction Load (0.4ms)[0m  [1m[34mSELECT "transactions".* FROM "transactions" /*action='index',application='CryptoServer',controller='transactions'*/[0m
  ↳ app/controllers/api/transactions_controller.rb:4:in `index'
Completed 200 OK in 2ms (Views: 1.5ms | ActiveRecord: 0.4ms (1 query, 0 cached) | GC: 0.0ms)


Started GET "/api/transactions" for ::1 at 2025-04-03 17:42:06 +0300
Processing by Api::TransactionsController#index as */*
  [1m[36mTransaction Load (21.6ms)[0m  [1m[34mSELECT "transactions".* FROM "transactions" /*action='index',application='CryptoServer',controller='transactions'*/[0m
  ↳ app/controllers/api/transactions_controller.rb:4:in `index'
Completed 200 OK in 30ms (Views: -2.4ms | ActiveRecord: 30.9ms (1 query, 0 cached) | GC: 0.0ms)


Started GET "/api/transactions" for ::1 at 2025-04-03 17:42:06 +0300
Processing by Api::TransactionsController#index as */*
  [1m[36mTransaction Load (0.5ms)[0m  [1m[34mSELECT "transactions".* FROM "transactions" /*action='index',application='CryptoServer',controller='transactions'*/[0m
  ↳ app/controllers/api/transactions_controller.rb:4:in `index'
Completed 200 OK in 2ms (Views: 1.4ms | ActiveRecord: 0.5ms (1 query, 0 cached) | GC: 0.0ms)


Started GET "/api/transactions" for ::1 at 2025-04-03 17:42:08 +0300
Processing by Api::TransactionsController#index as */*
  [1m[36mTransaction Load (0.6ms)[0m  [1m[34mSELECT "transactions".* FROM "transactions" /*action='index',application='CryptoServer',controller='transactions'*/[0m
  ↳ app/controllers/api/transactions_controller.rb:4:in `index'
Completed 200 OK in 2ms (Views: 1.4ms | ActiveRecord: 0.5ms (1 query, 0 cached) | GC: 0.0ms)


Started GET "/api/transactions" for ::1 at 2025-04-03 17:42:08 +0300
Processing by Api::TransactionsController#index as */*
  [1m[36mTransaction Load (0.5ms)[0m  [1m[34mSELECT "transactions".* FROM "transactions" /*action='index',application='CryptoServer',controller='transactions'*/[0m
  ↳ app/controllers/api/transactions_controller.rb:4:in `index'
Completed 200 OK in 2ms (Views: 1.3ms | ActiveRecord: 0.5ms (1 query, 0 cached) | GC: 0.0ms)


Started GET "/api/transactions" for ::1 at 2025-04-03 17:42:48 +0300
Processing by Api::TransactionsController#index as */*
  [1m[36mTransaction Load (0.6ms)[0m  [1m[34mSELECT "transactions".* FROM "transactions" /*action='index',application='CryptoServer',controller='transactions'*/[0m
  ↳ app/controllers/api/transactions_controller.rb:4:in `index'
Completed 200 OK in 2ms (Views: 1.5ms | ActiveRecord: 0.6ms (1 query, 0 cached) | GC: 0.0ms)


Started GET "/api/transactions" for ::1 at 2025-04-03 17:42:48 +0300
Processing by Api::TransactionsController#index as */*
  [1m[36mTransaction Load (0.4ms)[0m  [1m[34mSELECT "transactions".* FROM "transactions" /*action='index',application='CryptoServer',controller='transactions'*/[0m
  ↳ app/controllers/api/transactions_controller.rb:4:in `index'
Completed 200 OK in 2ms (Views: 1.2ms | ActiveRecord: 0.4ms (1 query, 0 cached) | GC: 0.0ms)


Started GET "/api/transactions" for ::1 at 2025-04-03 17:43:18 +0300
Processing by Api::TransactionsController#index as */*
  [1m[36mTransaction Load (0.6ms)[0m  [1m[34mSELECT "transactions".* FROM "transactions" /*action='index',application='CryptoServer',controller='transactions'*/[0m
  ↳ app/controllers/api/transactions_controller.rb:4:in `index'
Completed 200 OK in 3ms (Views: 2.5ms | ActiveRecord: 0.6ms (1 query, 0 cached) | GC: 0.0ms)


Started GET "/api/transactions" for ::1 at 2025-04-03 17:43:18 +0300
Processing by Api::TransactionsController#index as */*
  [1m[36mTransaction Load (0.4ms)[0m  [1m[34mSELECT "transactions".* FROM "transactions" /*action='index',application='CryptoServer',controller='transactions'*/[0m
  ↳ app/controllers/api/transactions_controller.rb:4:in `index'
Completed 200 OK in 2ms (Views: 1.5ms | ActiveRecord: 0.4ms (1 query, 0 cached) | GC: 0.2ms)


Started GET "/api/transactions" for ::1 at 2025-04-03 17:43:29 +0300
Processing by Api::TransactionsController#index as */*
  [1m[36mTransaction Load (0.6ms)[0m  [1m[34mSELECT "transactions".* FROM "transactions" /*action='index',application='CryptoServer',controller='transactions'*/[0m
  ↳ app/controllers/api/transactions_controller.rb:4:in `index'
Completed 200 OK in 2ms (Views: 1.7ms | ActiveRecord: 0.6ms (1 query, 0 cached) | GC: 0.2ms)


Started GET "/api/transactions" for ::1 at 2025-04-03 17:43:29 +0300
Processing by Api::TransactionsController#index as */*
  [1m[36mTransaction Load (0.4ms)[0m  [1m[34mSELECT "transactions".* FROM "transactions" /*action='index',application='CryptoServer',controller='transactions'*/[0m
  ↳ app/controllers/api/transactions_controller.rb:4:in `index'
Completed 200 OK in 2ms (Views: 1.2ms | ActiveRecord: 0.4ms (1 query, 0 cached) | GC: 0.0ms)


Started GET "/api/transactions" for ::1 at 2025-04-03 17:46:05 +0300
Processing by Api::TransactionsController#index as */*
  [1m[36mTransaction Load (1.0ms)[0m  [1m[34mSELECT "transactions".* FROM "transactions" /*action='index',application='CryptoServer',controller='transactions'*/[0m
  ↳ app/controllers/api/transactions_controller.rb:4:in `index'
Completed 200 OK in 5ms (Views: 3.4ms | ActiveRecord: 0.9ms (1 query, 0 cached) | GC: 0.0ms)


Started GET "/api/transactions" for ::1 at 2025-04-03 17:46:05 +0300
Processing by Api::TransactionsController#index as */*
  [1m[36mTransaction Load (0.7ms)[0m  [1m[34mSELECT "transactions".* FROM "transactions" /*action='index',application='CryptoServer',controller='transactions'*/[0m
  ↳ app/controllers/api/transactions_controller.rb:4:in `index'
Completed 200 OK in 3ms (Views: 1.8ms | ActiveRecord: 0.7ms (1 query, 0 cached) | GC: 0.0ms)


Started GET "/api/transactions" for ::1 at 2025-04-03 17:47:10 +0300
Processing by Api::TransactionsController#index as */*
  [1m[36mTransaction Load (0.6ms)[0m  [1m[34mSELECT "transactions".* FROM "transactions" /*action='index',application='CryptoServer',controller='transactions'*/[0m
  ↳ app/controllers/api/transactions_controller.rb:4:in `index'
Completed 200 OK in 3ms (Views: 1.9ms | ActiveRecord: 0.6ms (1 query, 0 cached) | GC: 0.2ms)


Started GET "/api/transactions" for ::1 at 2025-04-03 17:47:10 +0300
Processing by Api::TransactionsController#index as */*
  [1m[36mTransaction Load (0.4ms)[0m  [1m[34mSELECT "transactions".* FROM "transactions" /*action='index',application='CryptoServer',controller='transactions'*/[0m
  ↳ app/controllers/api/transactions_controller.rb:4:in `index'
Completed 200 OK in 2ms (Views: 1.2ms | ActiveRecord: 0.4ms (1 query, 0 cached) | GC: 0.0ms)


Started GET "/api/transactions" for ::1 at 2025-04-03 17:53:48 +0300
Processing by Api::TransactionsController#index as */*
  [1m[36mTransaction Load (26.2ms)[0m  [1m[34mSELECT "transactions".* FROM "transactions" /*action='index',application='CryptoServer',controller='transactions'*/[0m
  ↳ app/controllers/api/transactions_controller.rb:4:in `index'
Completed 200 OK in 30ms (Views: -5.9ms | ActiveRecord: 35.5ms (1 query, 0 cached) | GC: 0.5ms)


Started GET "/api/transactions" for ::1 at 2025-04-03 17:53:48 +0300
Processing by Api::TransactionsController#index as */*
  [1m[36mTransaction Load (0.5ms)[0m  [1m[34mSELECT "transactions".* FROM "transactions" /*action='index',application='CryptoServer',controller='transactions'*/[0m
  ↳ app/controllers/api/transactions_controller.rb:4:in `index'
Completed 200 OK in 2ms (Views: 1.5ms | ActiveRecord: 0.5ms (1 query, 0 cached) | GC: 0.0ms)


Started GET "/api/transactions" for ::1 at 2025-04-03 17:54:19 +0300
Processing by Api::TransactionsController#index as */*
  [1m[36mTransaction Load (0.7ms)[0m  [1m[34mSELECT "transactions".* FROM "transactions" /*action='index',application='CryptoServer',controller='transactions'*/[0m
  ↳ app/controllers/api/transactions_controller.rb:4:in `index'
Completed 200 OK in 2ms (Views: 1.5ms | ActiveRecord: 0.7ms (1 query, 0 cached) | GC: 0.2ms)


Started GET "/api/transactions" for ::1 at 2025-04-03 17:54:19 +0300
Processing by Api::TransactionsController#index as */*
  [1m[36mTransaction Load (0.4ms)[0m  [1m[34mSELECT "transactions".* FROM "transactions" /*action='index',application='CryptoServer',controller='transactions'*/[0m
  ↳ app/controllers/api/transactions_controller.rb:4:in `index'
Completed 200 OK in 2ms (Views: 1.3ms | ActiveRecord: 0.4ms (1 query, 0 cached) | GC: 0.0ms)


Started GET "/api/transactions" for ::1 at 2025-04-03 18:04:22 +0300
Processing by Api::TransactionsController#index as */*
  [1m[36mTransaction Load (17.7ms)[0m  [1m[34mSELECT "transactions".* FROM "transactions" /*action='index',application='CryptoServer',controller='transactions'*/[0m
  ↳ app/controllers/api/transactions_controller.rb:4:in `index'
Completed 200 OK in 25ms (Views: -0.8ms | ActiveRecord: 25.1ms (1 query, 0 cached) | GC: 0.4ms)


Started GET "/api/transactions" for ::1 at 2025-04-03 18:04:22 +0300
Processing by Api::TransactionsController#index as */*
  [1m[36mTransaction Load (0.5ms)[0m  [1m[34mSELECT "transactions".* FROM "transactions" /*action='index',application='CryptoServer',controller='transactions'*/[0m
  ↳ app/controllers/api/transactions_controller.rb:4:in `index'
Completed 200 OK in 2ms (Views: 1.6ms | ActiveRecord: 0.5ms (1 query, 0 cached) | GC: 0.0ms)


Started GET "/api/transactions" for ::1 at 2025-04-03 18:21:49 +0300
Processing by Api::TransactionsController#index as */*
  [1m[36mTransaction Load (12.2ms)[0m  [1m[34mSELECT "transactions".* FROM "transactions" /*action='index',application='CryptoServer',controller='transactions'*/[0m
  ↳ app/controllers/api/transactions_controller.rb:4:in `index'
Completed 200 OK in 16ms (Views: -2.8ms | ActiveRecord: 18.6ms (1 query, 0 cached) | GC: 0.8ms)


Started GET "/api/transactions" for ::1 at 2025-04-03 18:21:49 +0300
Processing by Api::TransactionsController#index as */*
  [1m[36mTransaction Load (0.5ms)[0m  [1m[34mSELECT "transactions".* FROM "transactions" /*action='index',application='CryptoServer',controller='transactions'*/[0m
  ↳ app/controllers/api/transactions_controller.rb:4:in `index'
Completed 200 OK in 2ms (Views: 1.5ms | ActiveRecord: 0.5ms (1 query, 0 cached) | GC: 0.0ms)


Started GET "/api/transactions" for ::1 at 2025-04-03 18:33:10 +0300
Processing by Api::TransactionsController#index as */*
  [1m[36mTransaction Load (19.4ms)[0m  [1m[34mSELECT "transactions".* FROM "transactions" /*action='index',application='CryptoServer',controller='transactions'*/[0m
  ↳ app/controllers/api/transactions_controller.rb:4:in `index'
Completed 200 OK in 23ms (Views: -5.6ms | ActiveRecord: 28.4ms (1 query, 0 cached) | GC: 0.3ms)


Started GET "/api/transactions" for ::1 at 2025-04-03 18:33:10 +0300
Processing by Api::TransactionsController#index as */*
  [1m[36mTransaction Load (0.7ms)[0m  [1m[34mSELECT "transactions".* FROM "transactions" /*action='index',application='CryptoServer',controller='transactions'*/[0m
  ↳ app/controllers/api/transactions_controller.rb:4:in `index'
Completed 200 OK in 3ms (Views: 1.7ms | ActiveRecord: 0.7ms (1 query, 0 cached) | GC: 0.3ms)


Started GET "/api/transactions" for ::1 at 2025-04-03 18:33:30 +0300
Processing by Api::TransactionsController#index as */*
  [1m[36mTransaction Load (0.6ms)[0m  [1m[34mSELECT "transactions".* FROM "transactions" /*action='index',application='CryptoServer',controller='transactions'*/[0m
  ↳ app/controllers/api/transactions_controller.rb:4:in `index'
Completed 200 OK in 4ms (Views: 3.4ms | ActiveRecord: 0.6ms (1 query, 0 cached) | GC: 0.0ms)


Started GET "/api/transactions" for ::1 at 2025-04-03 18:33:30 +0300
Processing by Api::TransactionsController#index as */*
  [1m[36mTransaction Load (0.5ms)[0m  [1m[34mSELECT "transactions".* FROM "transactions" /*action='index',application='CryptoServer',controller='transactions'*/[0m
  ↳ app/controllers/api/transactions_controller.rb:4:in `index'
Completed 200 OK in 2ms (Views: 1.2ms | ActiveRecord: 0.5ms (1 query, 0 cached) | GC: 0.0ms)


Started GET "/api/transactions" for ::1 at 2025-04-03 18:34:27 +0300
Processing by Api::TransactionsController#index as */*
  [1m[36mTransaction Load (0.6ms)[0m  [1m[34mSELECT "transactions".* FROM "transactions" /*action='index',application='CryptoServer',controller='transactions'*/[0m
  ↳ app/controllers/api/transactions_controller.rb:4:in `index'
Completed 200 OK in 2ms (Views: 1.3ms | ActiveRecord: 0.6ms (1 query, 0 cached) | GC: 0.0ms)


Started GET "/api/transactions" for ::1 at 2025-04-03 18:34:27 +0300
Processing by Api::TransactionsController#index as */*
  [1m[36mTransaction Load (0.5ms)[0m  [1m[34mSELECT "transactions".* FROM "transactions" /*action='index',application='CryptoServer',controller='transactions'*/[0m
  ↳ app/controllers/api/transactions_controller.rb:4:in `index'
Completed 200 OK in 2ms (Views: 1.3ms | ActiveRecord: 0.5ms (1 query, 0 cached) | GC: 0.0ms)


Started GET "/api/transactions" for ::1 at 2025-04-03 18:34:30 +0300
Processing by Api::TransactionsController#index as */*
  [1m[36mTransaction Load (0.5ms)[0m  [1m[34mSELECT "transactions".* FROM "transactions" /*action='index',application='CryptoServer',controller='transactions'*/[0m
  ↳ app/controllers/api/transactions_controller.rb:4:in `index'
Completed 200 OK in 2ms (Views: 1.5ms | ActiveRecord: 0.5ms (1 query, 0 cached) | GC: 0.0ms)


Started GET "/api/transactions" for ::1 at 2025-04-03 18:34:30 +0300
Processing by Api::TransactionsController#index as */*
  [1m[36mTransaction Load (0.5ms)[0m  [1m[34mSELECT "transactions".* FROM "transactions" /*action='index',application='CryptoServer',controller='transactions'*/[0m
  ↳ app/controllers/api/transactions_controller.rb:4:in `index'
Completed 200 OK in 2ms (Views: 1.3ms | ActiveRecord: 0.5ms (1 query, 0 cached) | GC: 0.0ms)


Started GET "/api/transactions" for ::1 at 2025-04-03 18:38:08 +0300
Processing by Api::TransactionsController#index as */*
  [1m[36mTransaction Load (0.7ms)[0m  [1m[34mSELECT "transactions".* FROM "transactions" /*action='index',application='CryptoServer',controller='transactions'*/[0m
  ↳ app/controllers/api/transactions_controller.rb:4:in `index'
Completed 200 OK in 4ms (Views: 2.5ms | ActiveRecord: 0.6ms (1 query, 0 cached) | GC: 0.0ms)


Started GET "/api/transactions" for ::1 at 2025-04-03 18:38:08 +0300
Processing by Api::TransactionsController#index as */*
  [1m[36mTransaction Load (0.5ms)[0m  [1m[34mSELECT "transactions".* FROM "transactions" /*action='index',application='CryptoServer',controller='transactions'*/[0m
  ↳ app/controllers/api/transactions_controller.rb:4:in `index'
Completed 200 OK in 2ms (Views: 1.8ms | ActiveRecord: 0.5ms (1 query, 0 cached) | GC: 0.0ms)


Started GET "/api/transactions" for ::1 at 2025-04-03 18:42:39 +0300
Processing by Api::TransactionsController#index as */*
  [1m[36mTransaction Load (0.6ms)[0m  [1m[34mSELECT "transactions".* FROM "transactions" /*action='index',application='CryptoServer',controller='transactions'*/[0m
  ↳ app/controllers/api/transactions_controller.rb:4:in `index'
Completed 200 OK in 3ms (Views: 2.0ms | ActiveRecord: 0.6ms (1 query, 0 cached) | GC: 0.4ms)


Started GET "/api/transactions" for ::1 at 2025-04-03 18:42:39 +0300
Processing by Api::TransactionsController#index as */*
  [1m[36mTransaction Load (0.5ms)[0m  [1m[34mSELECT "transactions".* FROM "transactions" /*action='index',application='CryptoServer',controller='transactions'*/[0m
  ↳ app/controllers/api/transactions_controller.rb:4:in `index'
Completed 200 OK in 2ms (Views: 1.8ms | ActiveRecord: 0.5ms (1 query, 0 cached) | GC: 0.0ms)


Started GET "/api/transactions" for ::1 at 2025-04-06 16:05:08 +0300
Processing by Api::TransactionsController#index as */*
  [1m[36mTransaction Load (111.3ms)[0m  [1m[34mSELECT "transactions".* FROM "transactions" /*action='index',application='CryptoServer',controller='transactions'*/[0m
  ↳ app/controllers/api/transactions_controller.rb:4:in `index'
Completed 200 OK in 122ms (Views: 0.1ms | ActiveRecord: 122.0ms (1 query, 0 cached) | GC: 0.2ms)


Started GET "/api/transactions" for ::1 at 2025-04-06 16:05:08 +0300
Processing by Api::TransactionsController#index as */*
  [1m[36mTransaction Load (0.5ms)[0m  [1m[34mSELECT "transactions".* FROM "transactions" /*action='index',application='CryptoServer',controller='transactions'*/[0m
  ↳ app/controllers/api/transactions_controller.rb:4:in `index'
Completed 200 OK in 2ms (Views: 1.5ms | ActiveRecord: 0.5ms (1 query, 0 cached) | GC: 0.0ms)


Started POST "/api/transactions" for ::1 at 2025-04-06 16:35:24 +0300
Processing by Api::TransactionsController#create as */*
  Parameters: {"email"=>"maratozavar@gmail.com", "from_currency"=>"1234", "to_currency"=>0.01493810679, "exchange_rate"=>"0.000012105435", "exchange_fee"=>"0.000448143204", "transaction"=>{"email"=>"maratozavar@gmail.com", "from_currency"=>"1234", "to_currency"=>0.01493810679, "exchange_rate"=>"0.000012105435", "exchange_fee"=>"0.000448143204"}}
Completed 422 Unprocessable Content in 613ms (Views: 610.4ms | ActiveRecord: 10.2ms (0 queries, 0 cached) | GC: 99.2ms)


Started POST "/api/transactions" for ::1 at 2025-04-06 16:35:34 +0300
Processing by Api::TransactionsController#create as */*
  Parameters: {"email"=>"maratozavar@gmail.com", "from_currency"=>"20", "to_currency"=>0.00024210870000000002, "exchange_rate"=>"0.000012105435", "exchange_fee"=>"0.000007263261", "transaction"=>{"email"=>"maratozavar@gmail.com", "from_currency"=>"20", "to_currency"=>0.00024210870000000002, "exchange_rate"=>"0.000012105435", "exchange_fee"=>"0.000007263261"}}
  [1m[36mTRANSACTION (0.3ms)[0m  [1m[35mBEGIN /*action='create',application='CryptoServer',controller='transactions'*/[0m
  ↳ app/controllers/api/transactions_controller.rb:9:in `create'
  [1m[36mTransaction Create (6.8ms)[0m  [1m[32mINSERT INTO "transactions" ("date_time", "email", "from_currency", "to_currency", "exchange_rate", "exchange_fee", "status", "created_at", "updated_at") VALUES (NULL, 'maratozavar@gmail.com', 20.0, 0.0002421087, 0.0000121054, 0.0000072633, NULL, '2025-04-06 13:35:34.428168', '2025-04-06 13:35:34.428168') RETURNING "id" /*action='create',application='CryptoServer',controller='transactions'*/[0m
  ↳ app/controllers/api/transactions_controller.rb:9:in `create'
  [1m[36mTRANSACTION (0.7ms)[0m  [1m[31mROLLBACK /*action='create',application='CryptoServer',controller='transactions'*/[0m
  ↳ app/controllers/api/transactions_controller.rb:9:in `create'
Completed 500 Internal Server Error in 14ms (ActiveRecord: 7.8ms (1 query, 0 cached) | GC: 0.0ms)


  
ActiveRecord::NotNullViolation (PG::NotNullViolation: ERROR:  null value in column "date_time" of relation "transactions" violates not-null constraint
DETAIL:  Failing row contains (18, null, maratozavar@gmail.com, 20.0000000000, 0.0002421087, 0.0000121054, 0.0000072633, null, 2025-04-06 13:35:34.428168, 2025-04-06 13:35:34.428168).
)
Caused by: PG::NotNullViolation (ERROR:  null value in column "date_time" of relation "transactions" violates not-null constraint
DETAIL:  Failing row contains (18, null, maratozavar@gmail.com, 20.0000000000, 0.0002421087, 0.0000121054, 0.0000072633, null, 2025-04-06 13:35:34.428168, 2025-04-06 13:35:34.428168).
)

Information for: ActiveRecord::NotNullViolation (PG::NotNullViolation: ERROR:  null value in column "date_time" of relation "transactions" violates not-null constraint
DETAIL:  Failing row contains (18, null, maratozavar@gmail.com, 20.0000000000, 0.0002421087, 0.0000121054, 0.0000072633, null, 2025-04-06 13:35:34.428168, 2025-04-06 13:35:34.428168).
):
  

Information for cause: PG::NotNullViolation (ERROR:  null value in column "date_time" of relation "transactions" violates not-null constraint
DETAIL:  Failing row contains (18, null, maratozavar@gmail.com, 20.0000000000, 0.0002421087, 0.0000121054, 0.0000072633, null, 2025-04-06 13:35:34.428168, 2025-04-06 13:35:34.428168).
):
  
app/controllers/api/transactions_controller.rb:9:in `create'
Started POST "/api/transactions" for ::1 at 2025-04-06 16:39:13 +0300
  
NoMethodError (undefined method `before_create' for Api::TransactionsController:Class):
  
app/controllers/api/transactions_controller.rb:2:in `<class:TransactionsController>'
app/controllers/api/transactions_controller.rb:1:in `<top (required)>'
Started POST "/api/transactions" for ::1 at 2025-04-06 16:40:10 +0300
Processing by Api::TransactionsController#create as */*
  Parameters: {"email"=>"maratozavar@gmail.com", "from_currency"=>"20", "to_currency"=>0.00024210870000000002, "exchange_rate"=>"0.000012105435", "exchange_fee"=>"0.000007263261", "transaction"=>{"email"=>"maratozavar@gmail.com", "from_currency"=>"20", "to_currency"=>0.00024210870000000002, "exchange_rate"=>"0.000012105435", "exchange_fee"=>"0.000007263261"}}
  [1m[36mTRANSACTION (0.3ms)[0m  [1m[35mBEGIN /*action='create',application='CryptoServer',controller='transactions'*/[0m
  ↳ app/controllers/api/transactions_controller.rb:9:in `create'
  [1m[36mTransaction Create (2.0ms)[0m  [1m[32mINSERT INTO "transactions" ("date_time", "email", "from_currency", "to_currency", "exchange_rate", "exchange_fee", "status", "created_at", "updated_at") VALUES ('2025-04-06 13:40:10.747969', 'maratozavar@gmail.com', 20.0, 0.0002421087, 0.0000121054, 0.0000072633, NULL, '2025-04-06 13:40:10.747862', '2025-04-06 13:40:10.747862') RETURNING "id" /*action='create',application='CryptoServer',controller='transactions'*/[0m
  ↳ app/controllers/api/transactions_controller.rb:9:in `create'
  [1m[36mTRANSACTION (0.2ms)[0m  [1m[31mROLLBACK /*action='create',application='CryptoServer',controller='transactions'*/[0m
  ↳ app/controllers/api/transactions_controller.rb:9:in `create'
Completed 500 Internal Server Error in 11ms (ActiveRecord: 19.1ms (1 query, 0 cached) | GC: 0.0ms)


  
ActiveRecord::NotNullViolation (PG::NotNullViolation: ERROR:  null value in column "status" of relation "transactions" violates not-null constraint
DETAIL:  Failing row contains (19, 2025-04-06 13:40:10.747969, maratozavar@gmail.com, 20.0000000000, 0.0002421087, 0.0000121054, 0.0000072633, null, 2025-04-06 13:40:10.747862, 2025-04-06 13:40:10.747862).
)
Caused by: PG::NotNullViolation (ERROR:  null value in column "status" of relation "transactions" violates not-null constraint
DETAIL:  Failing row contains (19, 2025-04-06 13:40:10.747969, maratozavar@gmail.com, 20.0000000000, 0.0002421087, 0.0000121054, 0.0000072633, null, 2025-04-06 13:40:10.747862, 2025-04-06 13:40:10.747862).
)

Information for: ActiveRecord::NotNullViolation (PG::NotNullViolation: ERROR:  null value in column "status" of relation "transactions" violates not-null constraint
DETAIL:  Failing row contains (19, 2025-04-06 13:40:10.747969, maratozavar@gmail.com, 20.0000000000, 0.0002421087, 0.0000121054, 0.0000072633, null, 2025-04-06 13:40:10.747862, 2025-04-06 13:40:10.747862).
):
  

Information for cause: PG::NotNullViolation (ERROR:  null value in column "status" of relation "transactions" violates not-null constraint
DETAIL:  Failing row contains (19, 2025-04-06 13:40:10.747969, maratozavar@gmail.com, 20.0000000000, 0.0002421087, 0.0000121054, 0.0000072633, null, 2025-04-06 13:40:10.747862, 2025-04-06 13:40:10.747862).
):
  
app/controllers/api/transactions_controller.rb:9:in `create'
Started POST "/api/transactions" for ::1 at 2025-04-06 16:41:26 +0300
Processing by Api::TransactionsController#create as */*
  Parameters: {"email"=>"maratozavar@gmail.com", "from_currency"=>"20", "to_currency"=>0.00024210870000000002, "exchange_rate"=>"0.000012105435", "exchange_fee"=>"0.000007263261", "transaction"=>{"email"=>"maratozavar@gmail.com", "from_currency"=>"20", "to_currency"=>0.00024210870000000002, "exchange_rate"=>"0.000012105435", "exchange_fee"=>"0.000007263261"}}
  [1m[36mTRANSACTION (0.2ms)[0m  [1m[35mBEGIN /*action='create',application='CryptoServer',controller='transactions'*/[0m
  ↳ app/controllers/api/transactions_controller.rb:10:in `create'
  [1m[36mTransaction Create (1.4ms)[0m  [1m[32mINSERT INTO "transactions" ("date_time", "email", "from_currency", "to_currency", "exchange_rate", "exchange_fee", "status", "created_at", "updated_at") VALUES ('2025-04-06 13:41:26.782879', 'maratozavar@gmail.com', 20.0, 0.0002421087, 0.0000121054, 0.0000072633, 'Success', '2025-04-06 13:41:26.782835', '2025-04-06 13:41:26.782835') RETURNING "id" /*action='create',application='CryptoServer',controller='transactions'*/[0m
  ↳ app/controllers/api/transactions_controller.rb:10:in `create'
  [1m[36mTRANSACTION (0.8ms)[0m  [1m[35mCOMMIT /*action='create',application='CryptoServer',controller='transactions'*/[0m
  ↳ app/controllers/api/transactions_controller.rb:10:in `create'
Completed 201 Created in 9ms (Views: 0.5ms | ActiveRecord: 6.6ms (1 query, 0 cached) | GC: 0.0ms)


  [1m[36mTransaction Load (19.7ms)[0m  [1m[34mSELECT "transactions".* FROM "transactions" ORDER BY "transactions"."id" DESC LIMIT 1 /*application='CryptoServer'*/[0m
Started POST "/api/transactions" for ::1 at 2025-04-06 16:46:55 +0300
  
NoMethodError (undefined method `*' for :from_currency:Symbol):
  
app/models/transaction.rb:7:in `<class:Transaction>'
app/models/transaction.rb:1:in `<top (required)>'
Started POST "/api/transactions" for ::1 at 2025-04-06 16:47:29 +0300
  [1m[36mActiveRecord::SchemaMigration Load (1.7ms)[0m  [1m[34mSELECT "schema_migrations"."version" FROM "schema_migrations" ORDER BY "schema_migrations"."version" ASC /*application='CryptoServer'*/[0m
  
NoMethodError (undefined method `*' for :from_currency:Symbol):
  
app/models/transaction.rb:7:in `<class:Transaction>'
app/models/transaction.rb:1:in `<top (required)>'
Started POST "/api/transactions" for ::1 at 2025-04-06 16:50:43 +0300
  
NoMethodError (undefined method `validatee' for Transaction:Class):
  
app/models/transaction.rb:7:in `<class:Transaction>'
app/models/transaction.rb:1:in `<top (required)>'
Started POST "/api/transactions" for ::1 at 2025-04-06 16:50:53 +0300
Processing by Api::TransactionsController#create as */*
  Parameters: {"email"=>"maratozavar@gmail.com", "from_currency"=>"20", "to_currency"=>0.00024210870000000002, "exchange_rate"=>"0.000012105435", "exchange_fee"=>"0.000007263261", "transaction"=>{"email"=>"maratozavar@gmail.com", "from_currency"=>"20", "to_currency"=>0.00024210870000000002, "exchange_rate"=>"0.000012105435", "exchange_fee"=>"0.000007263261"}}
Completed 500 Internal Server Error in 21ms (ActiveRecord: 32.0ms (0 queries, 0 cached) | GC: 4.7ms)


  
NoMethodError (undefined method `to_currenct' for #<Transaction id: nil, date_time: nil, email: "maratozavar@gmail.com", from_currency: 0.2e2, to_currency: 0.2421087e-3, exchange_rate: 0.121054e-4, exchange_fee: 0.72633e-5, status: "Success", created_at: nil, updated_at: nil>):
  
app/controllers/api/transactions_controller.rb:13:in `create'
Started POST "/api/transactions" for ::1 at 2025-04-06 16:51:16 +0300
Processing by Api::TransactionsController#create as */*
  Parameters: {"email"=>"maratozavar@gmail.com", "from_currency"=>"20", "to_currency"=>0.00024210870000000002, "exchange_rate"=>"0.000012105435", "exchange_fee"=>"0.000007263261", "transaction"=>{"email"=>"maratozavar@gmail.com", "from_currency"=>"20", "to_currency"=>0.00024210870000000002, "exchange_rate"=>"0.000012105435", "exchange_fee"=>"0.000007263261"}}
Completed 422 Unprocessable Content in 576ms (Views: 569.8ms | ActiveRecord: 6.7ms (0 queries, 0 cached) | GC: 71.4ms)


Started POST "/api/transactions" for ::1 at 2025-04-06 16:53:35 +0300
Processing by Api::TransactionsController#create as */*
  Parameters: {"email"=>"maratozavar@gmail.com", "from_currency"=>"20", "to_currency"=>0.00024210870000000002, "exchange_rate"=>"0.000012105435", "exchange_fee"=>"0.000007263261", "transaction"=>{"email"=>"maratozavar@gmail.com", "from_currency"=>"20", "to_currency"=>0.00024210870000000002, "exchange_rate"=>"0.000012105435", "exchange_fee"=>"0.000007263261"}}
  [1m[36mTRANSACTION (1.0ms)[0m  [1m[35mBEGIN /*action='create',application='CryptoServer',controller='transactions'*/[0m
  ↳ app/controllers/api/transactions_controller.rb:10:in `create'
  [1m[36mTransaction Create (2.9ms)[0m  [1m[32mINSERT INTO "transactions" ("date_time", "email", "from_currency", "to_currency", "exchange_rate", "exchange_fee", "status", "created_at", "updated_at") VALUES ('2025-04-06 13:53:35.325530', 'maratozavar@gmail.com', 20.0, 0.0002421087, 0.0000121054, 0.0000072633, 'Success', '2025-04-06 13:53:35.325457', '2025-04-06 13:53:35.325457') RETURNING "id" /*action='create',application='CryptoServer',controller='transactions'*/[0m
  ↳ app/controllers/api/transactions_controller.rb:10:in `create'
  [1m[36mTRANSACTION (0.8ms)[0m  [1m[35mCOMMIT /*action='create',application='CryptoServer',controller='transactions'*/[0m
  ↳ app/controllers/api/transactions_controller.rb:10:in `create'
Completed 201 Created in 13ms (Views: 0.3ms | ActiveRecord: 11.0ms (1 query, 0 cached) | GC: 0.0ms)


Started POST "/api/transactions" for ::1 at 2025-04-06 16:53:58 +0300
Processing by Api::TransactionsController#create as */*
  Parameters: {"email"=>"maratozavar@gmail.com", "from_currency"=>"30", "to_currency"=>0.00036316305, "exchange_rate"=>"0.000012105435", "exchange_fee"=>"0.000010894891", "transaction"=>{"email"=>"maratozavar@gmail.com", "from_currency"=>"30", "to_currency"=>0.00036316305, "exchange_rate"=>"0.000012105435", "exchange_fee"=>"0.000010894891"}}
Completed 422 Unprocessable Content in 6ms (Views: 0.4ms | ActiveRecord: 3.8ms (0 queries, 0 cached) | GC: 0.0ms)


Started POST "/api/transactions" for ::1 at 2025-04-06 16:54:15 +0300
Processing by Api::TransactionsController#create as */*
  Parameters: {"email"=>"maratozavar@gmail.com", "from_currency"=>"30", "to_currency"=>0.00036316305, "exchange_rate"=>"0.000012105435", "exchange_fee"=>"0.000010894891", "transaction"=>{"email"=>"maratozavar@gmail.com", "from_currency"=>"30", "to_currency"=>0.00036316305, "exchange_rate"=>"0.000012105435", "exchange_fee"=>"0.000010894891"}}
Completed 422 Unprocessable Content in 2ms (Views: 0.5ms | ActiveRecord: 0.0ms (0 queries, 0 cached) | GC: 0.0ms)


Started POST "/api/transactions" for ::1 at 2025-04-06 16:54:16 +0300
Processing by Api::TransactionsController#create as */*
  Parameters: {"email"=>"maratozavar@gmail.com", "from_currency"=>"30", "to_currency"=>0.00036316305, "exchange_rate"=>"0.000012105435", "exchange_fee"=>"0.000010894891", "transaction"=>{"email"=>"maratozavar@gmail.com", "from_currency"=>"30", "to_currency"=>0.00036316305, "exchange_rate"=>"0.000012105435", "exchange_fee"=>"0.000010894891"}}
Completed 422 Unprocessable Content in 2ms (Views: 0.5ms | ActiveRecord: 0.0ms (0 queries, 0 cached) | GC: 0.0ms)


Started POST "/api/transactions" for ::1 at 2025-04-06 16:54:16 +0300
Processing by Api::TransactionsController#create as */*
  Parameters: {"email"=>"maratozavar@gmail.com", "from_currency"=>"30", "to_currency"=>0.00036316305, "exchange_rate"=>"0.000012105435", "exchange_fee"=>"0.000010894891", "transaction"=>{"email"=>"maratozavar@gmail.com", "from_currency"=>"30", "to_currency"=>0.00036316305, "exchange_rate"=>"0.000012105435", "exchange_fee"=>"0.000010894891"}}
Completed 422 Unprocessable Content in 2ms (Views: 0.7ms | ActiveRecord: 0.0ms (0 queries, 0 cached) | GC: 0.0ms)


Started POST "/api/transactions" for ::1 at 2025-04-06 16:54:16 +0300
Processing by Api::TransactionsController#create as */*
  Parameters: {"email"=>"maratozavar@gmail.com", "from_currency"=>"30", "to_currency"=>0.00036316305, "exchange_rate"=>"0.000012105435", "exchange_fee"=>"0.000010894891", "transaction"=>{"email"=>"maratozavar@gmail.com", "from_currency"=>"30", "to_currency"=>0.00036316305, "exchange_rate"=>"0.000012105435", "exchange_fee"=>"0.000010894891"}}
Completed 422 Unprocessable Content in 1ms (Views: 0.3ms | ActiveRecord: 0.0ms (0 queries, 0 cached) | GC: 0.0ms)


Started POST "/api/transactions" for ::1 at 2025-04-06 16:54:47 +0300
Processing by Api::TransactionsController#create as */*
  Parameters: {"email"=>"maratozavar@gmail.com", "from_currency"=>"30", "to_currency"=>0.00036316305, "exchange_rate"=>"0.000012105435", "exchange_fee"=>"0.000010894891", "transaction"=>{"email"=>"maratozavar@gmail.com", "from_currency"=>"30", "to_currency"=>0.00036316305, "exchange_rate"=>"0.000012105435", "exchange_fee"=>"0.000010894891"}}
Completed 422 Unprocessable Content in 4ms (Views: 0.3ms | ActiveRecord: 3.3ms (0 queries, 0 cached) | GC: 0.0ms)


Started POST "/api/transactions" for ::1 at 2025-04-06 16:56:35 +0300
Processing by Api::TransactionsController#create as */*
  Parameters: {"email"=>"maratozavar@gmail.com", "from_currency"=>"30", "to_currency"=>0.00036316305, "exchange_rate"=>"0.000012105435", "exchange_fee"=>"0.000010894891", "transaction"=>{"email"=>"maratozavar@gmail.com", "from_currency"=>"30", "to_currency"=>0.00036316305, "exchange_rate"=>"0.000012105435", "exchange_fee"=>"0.000010894891"}}
Completed 422 Unprocessable Content in 4ms (Views: 0.3ms | ActiveRecord: 3.2ms (0 queries, 0 cached) | GC: 0.0ms)


Started POST "/api/transactions" for ::1 at 2025-04-06 17:18:28 +0300
Processing by Api::TransactionsController#create as */*
  Parameters: {"email"=>"maratozavar@gmail.com", "from_currency"=>"-123123", "to_currency"=>-1.4475158699359998, "exchange_rate"=>"0.000012120223", "exchange_fee"=>"-0.044768346493", "transaction"=>{"email"=>"maratozavar@gmail.com", "from_currency"=>"-123123", "to_currency"=>-1.4475158699359998, "exchange_rate"=>"0.000012120223", "exchange_fee"=>"-0.044768346493"}}
Completed 422 Unprocessable Content in 3ms (Views: 0.5ms | ActiveRecord: 5.8ms (0 queries, 0 cached) | GC: 0.0ms)


Started POST "/api/transactions" for ::1 at 2025-04-06 17:18:37 +0300
Processing by Api::TransactionsController#create as */*
  Parameters: {"email"=>"maratozavar@gmail.com", "from_currency"=>"23123", "to_currency"=>0.271842238936, "exchange_rate"=>"0.000012120223", "exchange_fee"=>"0.008407677493", "transaction"=>{"email"=>"maratozavar@gmail.com", "from_currency"=>"23123", "to_currency"=>0.271842238936, "exchange_rate"=>"0.000012120223", "exchange_fee"=>"0.008407677493"}}
Completed 422 Unprocessable Content in 1ms (Views: 0.5ms | ActiveRecord: 0.0ms (0 queries, 0 cached) | GC: 0.0ms)


Started POST "/api/transactions" for ::1 at 2025-04-06 17:18:56 +0300
Processing by Api::TransactionsController#create as */*
  Parameters: {"email"=>"maratozavar@gmail.com", "from_currency"=>"30", "to_currency"=>0.000346698489, "exchange_rate"=>"0.000012120223", "exchange_fee"=>"0.000010908201", "transaction"=>{"email"=>"maratozavar@gmail.com", "from_currency"=>"30", "to_currency"=>0.000346698489, "exchange_rate"=>"0.000012120223", "exchange_fee"=>"0.000010908201"}}
Completed 422 Unprocessable Content in 2ms (Views: 0.5ms | ActiveRecord: 0.0ms (0 queries, 0 cached) | GC: 0.0ms)


Started POST "/api/transactions" for ::1 at 2025-04-06 17:21:00 +0300
Processing by Api::TransactionsController#create as */*
  Parameters: {"email"=>"maratozavar@gmail.com", "from_currency"=>"29", "to_currency"=>0.000334941873, "exchange_rate"=>"0.000012120223", "exchange_fee"=>"0.000010544594", "transaction"=>{"email"=>"maratozavar@gmail.com", "from_currency"=>"29", "to_currency"=>0.000334941873, "exchange_rate"=>"0.000012120223", "exchange_fee"=>"0.000010544594"}}
  [1m[36mTRANSACTION (0.2ms)[0m  [1m[35mBEGIN /*action='create',application='CryptoServer',controller='transactions'*/[0m
  ↳ app/controllers/api/transactions_controller.rb:10:in `create'
  [1m[36mTransaction Create (1.5ms)[0m  [1m[32mINSERT INTO "transactions" ("date_time", "email", "from_currency", "to_currency", "exchange_rate", "exchange_fee", "status", "created_at", "updated_at") VALUES ('2025-04-06 14:21:00.588353', 'maratozavar@gmail.com', 29.0, 0.0003349419, 0.0000121202, 0.0000105446, 'Success', '2025-04-06 14:21:00.588280', '2025-04-06 14:21:00.588280') RETURNING "id" /*action='create',application='CryptoServer',controller='transactions'*/[0m
  ↳ app/controllers/api/transactions_controller.rb:10:in `create'
  [1m[36mTRANSACTION (0.9ms)[0m  [1m[35mCOMMIT /*action='create',application='CryptoServer',controller='transactions'*/[0m
  ↳ app/controllers/api/transactions_controller.rb:10:in `create'
Completed 201 Created in 4ms (Views: 0.2ms | ActiveRecord: 2.6ms (1 query, 0 cached) | GC: 0.0ms)


Started POST "/api/transactions" for ::1 at 2025-04-06 17:22:22 +0300
  
ArgumentError (Unknown validator: 'EmailValidator')
Caused by: NameError (uninitialized constant Transaction::EmailValidator)

Information for: ArgumentError (Unknown validator: 'EmailValidator'):
  
app/models/transaction.rb:8:in `<class:Transaction>'
app/models/transaction.rb:1:in `<top (required)>'

Information for cause: NameError (uninitialized constant Transaction::EmailValidator):
  
app/models/transaction.rb:8:in `<class:Transaction>'
app/models/transaction.rb:1:in `<top (required)>'
Started POST "/api/transactions" for ::1 at 2025-04-06 17:23:40 +0300
  
ArgumentError (Unknown validator: 'EmailValidator')
Caused by: NameError (uninitialized constant Transaction::EmailValidator)

Information for: ArgumentError (Unknown validator: 'EmailValidator'):
  
app/models/transaction.rb:8:in `<class:Transaction>'
app/models/transaction.rb:1:in `<top (required)>'

Information for cause: NameError (uninitialized constant Transaction::EmailValidator):
  
app/models/transaction.rb:8:in `<class:Transaction>'
app/models/transaction.rb:1:in `<top (required)>'
Started POST "/api/transactions" for ::1 at 2025-04-06 17:25:06 +0300
  [1m[36mActiveRecord::SchemaMigration Load (1.3ms)[0m  [1m[34mSELECT "schema_migrations"."version" FROM "schema_migrations" ORDER BY "schema_migrations"."version" ASC /*application='CryptoServer'*/[0m
Processing by Api::TransactionsController#create as */*
  Parameters: {"email"=>"maratozavar@gmail", "from_currency"=>"25", "to_currency"=>0.00028835217400000003, "exchange_rate"=>"0.000012138234", "exchange_fee"=>"0.000009103676", "transaction"=>{"email"=>"maratozavar@gmail", "from_currency"=>"25", "to_currency"=>0.00028835217400000003, "exchange_rate"=>"0.000012138234", "exchange_fee"=>"0.000009103676"}}
Completed 422 Unprocessable Content in 11ms (Views: 0.1ms | ActiveRecord: 25.5ms (0 queries, 0 cached) | GC: 0.0ms)


Started POST "/api/transactions" for ::1 at 2025-04-06 17:25:46 +0300
Processing by Api::TransactionsController#create as */*
  Parameters: {"email"=>"maratozavar@gmail.com", "from_currency"=>"325", "to_currency"=>0.0038205782680000005, "exchange_rate"=>"0.000012138234", "exchange_fee"=>"0.000118347782", "transaction"=>{"email"=>"maratozavar@gmail.com", "from_currency"=>"325", "to_currency"=>0.0038205782680000005, "exchange_rate"=>"0.000012138234", "exchange_fee"=>"0.000118347782"}}
Completed 422 Unprocessable Content in 579ms (Views: 574.4ms | ActiveRecord: 5.3ms (0 queries, 0 cached) | GC: 70.4ms)


Started POST "/api/transactions" for ::1 at 2025-04-06 17:30:03 +0300
Processing by Api::TransactionsController#create as */*
  Parameters: {"email"=>"maratozavar@gmail.com", "from_currency"=>"22", "to_currency"=>0.00025302048100000004, "exchange_rate"=>"0.000012137792", "exchange_fee"=>"0.000008010943", "transaction"=>{"email"=>"maratozavar@gmail.com", "from_currency"=>"22", "to_currency"=>0.00025302048100000004, "exchange_rate"=>"0.000012137792", "exchange_fee"=>"0.000008010943"}}
Completed 500 Internal Server Error in 5ms (ActiveRecord: 4.2ms (0 queries, 0 cached) | GC: 0.0ms)


  
NoMethodError (undefined method `recipient_address' for #<Transaction id: nil, date_time: nil, email: "maratozavar@gmail.com", from_currency: 0.22e2, to_currency: 0.2530205e-3, exchange_rate: 0.121378e-4, exchange_fee: 0.80109e-5, status: "Success", created_at: nil, updated_at: nil>):
  
app/controllers/api/transactions_controller.rb:10:in `create'
  [1m[36mActiveRecord::SchemaMigration Load (1.6ms)[0m  [1m[34mSELECT "schema_migrations"."version" FROM "schema_migrations" ORDER BY "schema_migrations"."version" ASC /*application='CryptoServer'*/[0m
  [1m[36mActiveRecord::SchemaMigration Load (0.3ms)[0m  [1m[34mSELECT "schema_migrations"."version" FROM "schema_migrations" ORDER BY "schema_migrations"."version" ASC /*application='CryptoServer'*/[0m
  [1m[36mActiveRecord::SchemaMigration Load (0.2ms)[0m  [1m[34mSELECT "schema_migrations"."version" FROM "schema_migrations" ORDER BY "schema_migrations"."version" ASC /*application='CryptoServer'*/[0m
  [1m[35m (0.3ms)[0m  [1m[34mSELECT pg_try_advisory_lock(6747435975801585120) /*application='CryptoServer'*/[0m
  [1m[36mActiveRecord::SchemaMigration Load (0.2ms)[0m  [1m[34mSELECT "schema_migrations"."version" FROM "schema_migrations" ORDER BY "schema_migrations"."version" ASC /*application='CryptoServer'*/[0m
Migrating to CreateTransactions (20250402132650)
  [1m[36mTRANSACTION (0.1ms)[0m  [1m[35mBEGIN /*application='CryptoServer'*/[0m
  [1m[35m (7.8ms)[0m  [1m[35mDROP TABLE "transactions" /*application='CryptoServer'*/[0m
  [1m[36mActiveRecord::SchemaMigration Destroy (0.9ms)[0m  [1m[31mDELETE FROM "schema_migrations" WHERE "schema_migrations"."version" = '20250402132650' /*application='CryptoServer'*/[0m
  [1m[36mTRANSACTION (4.6ms)[0m  [1m[35mCOMMIT /*application='CryptoServer'*/[0m
  [1m[35m (0.3ms)[0m  [1m[34mSELECT pg_advisory_unlock(6747435975801585120) /*application='CryptoServer'*/[0m
  [1m[36mActiveRecord::SchemaMigration Load (0.2ms)[0m  [1m[34mSELECT "schema_migrations"."version" FROM "schema_migrations" ORDER BY "schema_migrations"."version" ASC /*application='CryptoServer'*/[0m
  [1m[35m (0.2ms)[0m  [1m[34mSELECT pg_try_advisory_lock(6747435975801585120) /*application='CryptoServer'*/[0m
  [1m[36mActiveRecord::SchemaMigration Load (1.3ms)[0m  [1m[34mSELECT "schema_migrations"."version" FROM "schema_migrations" ORDER BY "schema_migrations"."version" ASC /*application='CryptoServer'*/[0m
  [1m[36mActiveRecord::InternalMetadata Load (1.8ms)[0m  [1m[34mSELECT * FROM "ar_internal_metadata" WHERE "ar_internal_metadata"."key" = 'environment' ORDER BY "ar_internal_metadata"."key" ASC LIMIT 1 /*application='CryptoServer'*/[0m
Migrating to CreateTransactions (20250402132650)
  [1m[36mTRANSACTION (0.2ms)[0m  [1m[35mBEGIN /*application='CryptoServer'*/[0m
  [1m[35m (12.5ms)[0m  [1m[35mCREATE TABLE "transactions" ("id" bigserial primary key, "date_time" timestamp NOT NULL, "email" character varying NOT NULL, "recipient_address" character varying NOT NULL, "from_currency" decimal(15,10) NOT NULL, "to_currency" decimal(15,10) NOT NULL, "exchange_rate" decimal(15,10) NOT NULL, "exchange_fee" decimal(15,10) NOT NULL, "status" character varying NOT NULL, "created_at" timestamp(6) NOT NULL, "updated_at" timestamp(6) NOT NULL) /*application='CryptoServer'*/[0m
  [1m[36mActiveRecord::SchemaMigration Create (0.2ms)[0m  [1m[32mINSERT INTO "schema_migrations" ("version") VALUES ('20250402132650') RETURNING "version" /*application='CryptoServer'*/[0m
  [1m[36mTRANSACTION (0.4ms)[0m  [1m[35mCOMMIT /*application='CryptoServer'*/[0m
  [1m[35m (0.7ms)[0m  [1m[34mSELECT pg_advisory_unlock(6747435975801585120) /*application='CryptoServer'*/[0m
  [1m[36mActiveRecord::SchemaMigration Load (0.3ms)[0m  [1m[34mSELECT "schema_migrations"."version" FROM "schema_migrations" ORDER BY "schema_migrations"."version" ASC /*application='CryptoServer'*/[0m
  [1m[36mTransaction Load (1.2ms)[0m  [1m[34mSELECT "transactions".* FROM "transactions" ORDER BY "transactions"."id" DESC LIMIT 1 /*application='CryptoServer'*/[0m
Started POST "/api/transactions" for ::1 at 2025-04-06 17:33:07 +0300
  [1m[36mActiveRecord::SchemaMigration Load (0.6ms)[0m  [1m[34mSELECT "schema_migrations"."version" FROM "schema_migrations" ORDER BY "schema_migrations"."version" ASC /*application='CryptoServer'*/[0m
Processing by Api::TransactionsController#create as */*
  Parameters: {"email"=>"maratozavar@gmail.com", "from_currency"=>"22", "to_currency"=>0.00025283687200000003, "exchange_rate"=>"0.000012129188", "exchange_fee"=>"0.000008005264", "transaction"=>{"email"=>"maratozavar@gmail.com", "from_currency"=>"22", "to_currency"=>0.00025283687200000003, "exchange_rate"=>"0.000012129188", "exchange_fee"=>"0.000008005264"}}
  [1m[36mTRANSACTION (0.2ms)[0m  [1m[35mBEGIN /*action='create',application='CryptoServer',controller='transactions'*/[0m
  ↳ app/controllers/api/transactions_controller.rb:10:in `create'
  [1m[36mTransaction Create (2.1ms)[0m  [1m[32mINSERT INTO "transactions" ("date_time", "email", "recipient_address", "from_currency", "to_currency", "exchange_rate", "exchange_fee", "status", "created_at", "updated_at") VALUES ('2025-04-06 14:33:07.923685', 'maratozavar@gmail.com', NULL, 22.0, 0.0002528369, 0.0000121292, 0.0000080053, 'Success', '2025-04-06 14:33:07.923590', '2025-04-06 14:33:07.923590') RETURNING "id" /*action='create',application='CryptoServer',controller='transactions'*/[0m
  ↳ app/controllers/api/transactions_controller.rb:10:in `create'
  [1m[36mTRANSACTION (0.1ms)[0m  [1m[31mROLLBACK /*action='create',application='CryptoServer',controller='transactions'*/[0m
  ↳ app/controllers/api/transactions_controller.rb:10:in `create'
Completed 500 Internal Server Error in 8ms (ActiveRecord: 8.2ms (1 query, 0 cached) | GC: 0.0ms)


  
ActiveRecord::NotNullViolation (PG::NotNullViolation: ERROR:  null value in column "recipient_address" of relation "transactions" violates not-null constraint
DETAIL:  Failing row contains (1, 2025-04-06 14:33:07.923685, maratozavar@gmail.com, null, 22.0000000000, 0.0002528369, 0.0000121292, 0.0000080053, Success, 2025-04-06 14:33:07.92359, 2025-04-06 14:33:07.92359).
)
Caused by: PG::NotNullViolation (ERROR:  null value in column "recipient_address" of relation "transactions" violates not-null constraint
DETAIL:  Failing row contains (1, 2025-04-06 14:33:07.923685, maratozavar@gmail.com, null, 22.0000000000, 0.0002528369, 0.0000121292, 0.0000080053, Success, 2025-04-06 14:33:07.92359, 2025-04-06 14:33:07.92359).
)

Information for: ActiveRecord::NotNullViolation (PG::NotNullViolation: ERROR:  null value in column "recipient_address" of relation "transactions" violates not-null constraint
DETAIL:  Failing row contains (1, 2025-04-06 14:33:07.923685, maratozavar@gmail.com, null, 22.0000000000, 0.0002528369, 0.0000121292, 0.0000080053, Success, 2025-04-06 14:33:07.92359, 2025-04-06 14:33:07.92359).
):
  

Information for cause: PG::NotNullViolation (ERROR:  null value in column "recipient_address" of relation "transactions" violates not-null constraint
DETAIL:  Failing row contains (1, 2025-04-06 14:33:07.923685, maratozavar@gmail.com, null, 22.0000000000, 0.0002528369, 0.0000121292, 0.0000080053, Success, 2025-04-06 14:33:07.92359, 2025-04-06 14:33:07.92359).
):
  
app/controllers/api/transactions_controller.rb:10:in `create'
Started POST "/api/transactions" for ::1 at 2025-04-06 17:33:31 +0300
Processing by Api::TransactionsController#create as */*
  Parameters: {"email"=>"maratozavar@gmail.com", "from_currency"=>"22", "to_currency"=>0.00025283687200000003, "exchange_rate"=>"0.000012129188", "exchange_fee"=>"0.000008005264", "transaction"=>{"email"=>"maratozavar@gmail.com", "from_currency"=>"22", "to_currency"=>0.00025283687200000003, "exchange_rate"=>"0.000012129188", "exchange_fee"=>"0.000008005264"}}
  [1m[36mTRANSACTION (0.2ms)[0m  [1m[35mBEGIN /*action='create',application='CryptoServer',controller='transactions'*/[0m
  ↳ app/controllers/api/transactions_controller.rb:10:in `create'
  [1m[36mTransaction Create (1.9ms)[0m  [1m[32mINSERT INTO "transactions" ("date_time", "email", "recipient_address", "from_currency", "to_currency", "exchange_rate", "exchange_fee", "status", "created_at", "updated_at") VALUES ('2025-04-06 14:33:31.725827', 'maratozavar@gmail.com', NULL, 22.0, 0.0002528369, 0.0000121292, 0.0000080053, 'Success', '2025-04-06 14:33:31.725769', '2025-04-06 14:33:31.725769') RETURNING "id" /*action='create',application='CryptoServer',controller='transactions'*/[0m
  ↳ app/controllers/api/transactions_controller.rb:10:in `create'
  [1m[36mTRANSACTION (0.2ms)[0m  [1m[31mROLLBACK /*action='create',application='CryptoServer',controller='transactions'*/[0m
  ↳ app/controllers/api/transactions_controller.rb:10:in `create'
Completed 500 Internal Server Error in 10ms (ActiveRecord: 9.2ms (1 query, 0 cached) | GC: 0.0ms)


  
ActiveRecord::NotNullViolation (PG::NotNullViolation: ERROR:  null value in column "recipient_address" of relation "transactions" violates not-null constraint
DETAIL:  Failing row contains (2, 2025-04-06 14:33:31.725827, maratozavar@gmail.com, null, 22.0000000000, 0.0002528369, 0.0000121292, 0.0000080053, Success, 2025-04-06 14:33:31.725769, 2025-04-06 14:33:31.725769).
)
Caused by: PG::NotNullViolation (ERROR:  null value in column "recipient_address" of relation "transactions" violates not-null constraint
DETAIL:  Failing row contains (2, 2025-04-06 14:33:31.725827, maratozavar@gmail.com, null, 22.0000000000, 0.0002528369, 0.0000121292, 0.0000080053, Success, 2025-04-06 14:33:31.725769, 2025-04-06 14:33:31.725769).
)

Information for: ActiveRecord::NotNullViolation (PG::NotNullViolation: ERROR:  null value in column "recipient_address" of relation "transactions" violates not-null constraint
DETAIL:  Failing row contains (2, 2025-04-06 14:33:31.725827, maratozavar@gmail.com, null, 22.0000000000, 0.0002528369, 0.0000121292, 0.0000080053, Success, 2025-04-06 14:33:31.725769, 2025-04-06 14:33:31.725769).
):
  

Information for cause: PG::NotNullViolation (ERROR:  null value in column "recipient_address" of relation "transactions" violates not-null constraint
DETAIL:  Failing row contains (2, 2025-04-06 14:33:31.725827, maratozavar@gmail.com, null, 22.0000000000, 0.0002528369, 0.0000121292, 0.0000080053, Success, 2025-04-06 14:33:31.725769, 2025-04-06 14:33:31.725769).
):
  
app/controllers/api/transactions_controller.rb:10:in `create'
Started POST "/api/transactions" for ::1 at 2025-04-06 17:35:22 +0300
Processing by Api::TransactionsController#create as */*
  Parameters: {"email"=>"maratozavar@gmail.com", "from_currency"=>"22", "to_currency"=>0.00025292929500000006, "exchange_rate"=>"0.000012133519", "exchange_fee"=>"0.000008008123", "recipient_address"=>"skdndkslk435kl", "transaction"=>{"email"=>"maratozavar@gmail.com", "recipient_address"=>"skdndkslk435kl", "from_currency"=>"22", "to_currency"=>0.00025292929500000006, "exchange_rate"=>"0.000012133519", "exchange_fee"=>"0.000008008123"}}
Completed 422 Unprocessable Content in 1ms (Views: 0.1ms | ActiveRecord: 0.0ms (0 queries, 0 cached) | GC: 0.0ms)


Started POST "/api/transactions" for ::1 at 2025-04-06 17:36:06 +0300
Processing by Api::TransactionsController#create as */*
  Parameters: {"email"=>"maratozavar@gmail.com", "from_currency"=>"22", "to_currency"=>0.00025292929500000006, "exchange_rate"=>"0.000012133519", "exchange_fee"=>"0.000008008123", "recipient_address"=>"1A1zP1eP5QGefi2DMPTfTL5SLmv7DivfNa", "transaction"=>{"email"=>"maratozavar@gmail.com", "recipient_address"=>"1A1zP1eP5QGefi2DMPTfTL5SLmv7DivfNa", "from_currency"=>"22", "to_currency"=>0.00025292929500000006, "exchange_rate"=>"0.000012133519", "exchange_fee"=>"0.000008008123"}}
  [1m[36mTRANSACTION (0.2ms)[0m  [1m[35mBEGIN /*action='create',application='CryptoServer',controller='transactions'*/[0m
  ↳ app/controllers/api/transactions_controller.rb:10:in `create'
  [1m[36mTransaction Create (1.7ms)[0m  [1m[32mINSERT INTO "transactions" ("date_time", "email", "recipient_address", "from_currency", "to_currency", "exchange_rate", "exchange_fee", "status", "created_at", "updated_at") VALUES ('2025-04-06 14:36:06.877266', 'maratozavar@gmail.com', '1A1zP1eP5QGefi2DMPTfTL5SLmv7DivfNa', 22.0, 0.0002529293, 0.0000121335, 0.0000080081, 'Success', '2025-04-06 14:36:06.877246', '2025-04-06 14:36:06.877246') RETURNING "id" /*action='create',application='CryptoServer',controller='transactions'*/[0m
  ↳ app/controllers/api/transactions_controller.rb:10:in `create'
  [1m[36mTRANSACTION (0.4ms)[0m  [1m[35mCOMMIT /*action='create',application='CryptoServer',controller='transactions'*/[0m
  ↳ app/controllers/api/transactions_controller.rb:10:in `create'
Completed 201 Created in 4ms (Views: 0.2ms | ActiveRecord: 2.3ms (1 query, 0 cached) | GC: 0.0ms)


Started POST "/api/transactions" for ::1 at 2025-04-06 17:43:19 +0300
Processing by Api::TransactionsController#create as */*
  Parameters: {"email"=>"maratozavar@gmail.com", "from_currency"=>"333", "to_currency"=>0.003911289886, "exchange_rate"=>"0.000012127457", "exchange_fee"=>"0.000121153295", "recipient_address"=>"skdndkslk435kl", "transaction"=>{"email"=>"maratozavar@gmail.com", "recipient_address"=>"skdndkslk435kl", "from_currency"=>"333", "to_currency"=>0.003911289886, "exchange_rate"=>"0.000012127457", "exchange_fee"=>"0.000121153295"}}
Completed 422 Unprocessable Content in 3ms (Views: 0.6ms | ActiveRecord: 0.0ms (0 queries, 0 cached) | GC: 0.0ms)


Started POST "/api/transactions" for ::1 at 2025-04-06 17:48:47 +0300
Processing by Api::TransactionsController#create as */*
  Parameters: {"email"=>"maratozavar@gmail.com", "from_currency"=>"333", "to_currency"=>0.003911289886, "exchange_rate"=>"0.000012127457", "exchange_fee"=>"0.000121153295", "recipient_address"=>"skdndkslk435kl", "transaction"=>{"email"=>"maratozavar@gmail.com", "recipient_address"=>"skdndkslk435kl", "from_currency"=>"333", "to_currency"=>0.003911289886, "exchange_rate"=>"0.000012127457", "exchange_fee"=>"0.000121153295"}}
Completed 422 Unprocessable Content in 4ms (Views: 0.9ms | ActiveRecord: 0.0ms (0 queries, 0 cached) | GC: 0.0ms)


Started POST "/api/transactions" for ::1 at 2025-04-06 17:49:58 +0300
Processing by Api::TransactionsController#create as */*
  Parameters: {"email"=>"maratozavar@gmail.com", "from_currency"=>"123123", "to_currency"=>1.444312599344, "exchange_rate"=>"0.000012093502", "exchange_fee"=>"0.044669647402", "recipient_address"=>"skdndkslk435kl", "transaction"=>{"email"=>"maratozavar@gmail.com", "recipient_address"=>"skdndkslk435kl", "from_currency"=>"123123", "to_currency"=>1.444312599344, "exchange_rate"=>"0.000012093502", "exchange_fee"=>"0.044669647402"}}
Completed 422 Unprocessable Content in 1ms (Views: 0.2ms | ActiveRecord: 0.0ms (0 queries, 0 cached) | GC: 0.0ms)


Started POST "/api/transactions" for ::1 at 2025-04-06 17:51:26 +0300
Processing by Api::TransactionsController#create as */*
  Parameters: {"email"=>"maratozavar@gmail.com", "from_currency"=>"123213", "to_currency"=>1.445087139485, "exchange_rate"=>"0.000012091149", "exchange_fee"=>"0.044693602252", "recipient_address"=>"skdndkslk435kl", "transaction"=>{"email"=>"maratozavar@gmail.com", "recipient_address"=>"skdndkslk435kl", "from_currency"=>"123213", "to_currency"=>1.445087139485, "exchange_rate"=>"0.000012091149", "exchange_fee"=>"0.044693602252"}}
Completed 422 Unprocessable Content in 1ms (Views: 0.2ms | ActiveRecord: 0.0ms (0 queries, 0 cached) | GC: 0.0ms)


  [1m[36mTransaction Load (24.4ms)[0m  [1m[34mSELECT "transactions".* FROM "transactions" ORDER BY "transactions"."id" DESC LIMIT 1 /*application='CryptoServer'*/[0m
Started POST "/api/transactions" for ::1 at 2025-04-07 15:51:58 +0300
Processing by Api::TransactionsController#create as */*
  Parameters: {"email"=>"marat.tuleev@kuper.ru", "from_currency"=>"20", "to_currency"=>0.000244963638, "exchange_rate"=>"0.000012936270", "exchange_fee"=>"0.000007761762", "recipient_address"=>"1A1zP1eP5QGefi2DMPTfTL5SLmv7DivfNa", "transaction"=>{"email"=>"marat.tuleev@kuper.ru", "recipient_address"=>"1A1zP1eP5QGefi2DMPTfTL5SLmv7DivfNa", "from_currency"=>"20", "to_currency"=>0.000244963638, "exchange_rate"=>"0.000012936270", "exchange_fee"=>"0.000007761762"}}
  [1m[36mTRANSACTION (0.1ms)[0m  [1m[35mBEGIN /*action='create',application='CryptoServer',controller='transactions'*/[0m
  ↳ app/controllers/api/transactions_controller.rb:10:in `create'
  [1m[36mTransaction Create (1.6ms)[0m  [1m[32mINSERT INTO "transactions" ("date_time", "email", "recipient_address", "from_currency", "to_currency", "exchange_rate", "exchange_fee", "status", "created_at", "updated_at") VALUES ('2025-04-07 12:51:58.528460', 'marat.tuleev@kuper.ru', '1A1zP1eP5QGefi2DMPTfTL5SLmv7DivfNa', 20.0, 0.0002449636, 0.0000129363, 0.0000077618, 'Success', '2025-04-07 12:51:58.528343', '2025-04-07 12:51:58.528343') RETURNING "id" /*action='create',application='CryptoServer',controller='transactions'*/[0m
  ↳ app/controllers/api/transactions_controller.rb:10:in `create'
  [1m[36mTRANSACTION (0.7ms)[0m  [1m[35mCOMMIT /*action='create',application='CryptoServer',controller='transactions'*/[0m
  ↳ app/controllers/api/transactions_controller.rb:10:in `create'
Completed 201 Created in 22ms (Views: 0.4ms | ActiveRecord: 7.8ms (1 query, 0 cached) | GC: 0.0ms)


Started POST "/api/transactions" for ::1 at 2025-04-07 15:55:26 +0300
Processing by Api::TransactionsController#create as */*
  Parameters: {"email"=>"marat.tuleev@kuper.ru", "from_currency"=>"25", "to_currency"=>0.00030730990300000005, "exchange_rate"=>"0.000012919996", "exchange_fee"=>"0.000009689997", "recipient_address"=>"1A1zP1eP5QGefi2DMPTfTL5SLmv7DivfNa", "transaction"=>{"email"=>"marat.tuleev@kuper.ru", "recipient_address"=>"1A1zP1eP5QGefi2DMPTfTL5SLmv7DivfNa", "from_currency"=>"25", "to_currency"=>0.00030730990300000005, "exchange_rate"=>"0.000012919996", "exchange_fee"=>"0.000009689997"}}
  [1m[36mTRANSACTION (0.3ms)[0m  [1m[35mBEGIN /*action='create',application='CryptoServer',controller='transactions'*/[0m
  ↳ app/controllers/api/transactions_controller.rb:10:in `create'
  [1m[36mTransaction Create (5.7ms)[0m  [1m[32mINSERT INTO "transactions" ("date_time", "email", "recipient_address", "from_currency", "to_currency", "exchange_rate", "exchange_fee", "status", "created_at", "updated_at") VALUES ('2025-04-07 12:55:26.301838', 'marat.tuleev@kuper.ru', '1A1zP1eP5QGefi2DMPTfTL5SLmv7DivfNa', 25.0, 0.0003073099, 0.00001292, 0.00000969, 'Success', '2025-04-07 12:55:26.301762', '2025-04-07 12:55:26.301762') RETURNING "id" /*action='create',application='CryptoServer',controller='transactions'*/[0m
  ↳ app/controllers/api/transactions_controller.rb:10:in `create'
  [1m[36mTRANSACTION (0.8ms)[0m  [1m[35mCOMMIT /*action='create',application='CryptoServer',controller='transactions'*/[0m
  ↳ app/controllers/api/transactions_controller.rb:10:in `create'
Completed 201 Created in 12ms (Views: 0.4ms | ActiveRecord: 6.8ms (1 query, 0 cached) | GC: 0.0ms)


Started POST "/api/transactions" for ::1 at 2025-04-07 16:08:20 +0300
Processing by Api::TransactionsController#create as */*
  Parameters: {"email"=>"maratozavar@gmail.com", "from_currency"=>"23", "to_currency"=>0.000283519302, "exchange_rate"=>"0.000012977109", "exchange_fee"=>"0.000008954205", "recipient_address"=>"1A1zP1eP5QGefi2DMPTfTL5SLmv7DivfNa", "transaction"=>{"email"=>"maratozavar@gmail.com", "recipient_address"=>"1A1zP1eP5QGefi2DMPTfTL5SLmv7DivfNa", "from_currency"=>"23", "to_currency"=>0.000283519302, "exchange_rate"=>"0.000012977109", "exchange_fee"=>"0.000008954205"}}
  [1m[36mTRANSACTION (0.1ms)[0m  [1m[35mBEGIN /*action='create',application='CryptoServer',controller='transactions'*/[0m
  ↳ app/controllers/api/transactions_controller.rb:10:in `create'
  [1m[36mTransaction Create (1.6ms)[0m  [1m[32mINSERT INTO "transactions" ("date_time", "email", "recipient_address", "from_currency", "to_currency", "exchange_rate", "exchange_fee", "status", "created_at", "updated_at") VALUES ('2025-04-07 13:08:20.549128', 'maratozavar@gmail.com', '1A1zP1eP5QGefi2DMPTfTL5SLmv7DivfNa', 23.0, 0.0002835193, 0.0000129771, 0.0000089542, 'Success', '2025-04-07 13:08:20.549046', '2025-04-07 13:08:20.549046') RETURNING "id" /*action='create',application='CryptoServer',controller='transactions'*/[0m
  ↳ app/controllers/api/transactions_controller.rb:10:in `create'
  [1m[36mTRANSACTION (0.6ms)[0m  [1m[35mCOMMIT /*action='create',application='CryptoServer',controller='transactions'*/[0m
  ↳ app/controllers/api/transactions_controller.rb:10:in `create'
Completed 201 Created in 24ms (Views: 0.4ms | ActiveRecord: 8.4ms (1 query, 0 cached) | GC: 0.0ms)


Started POST "/api/transactions" for ::1 at 2025-04-07 16:18:35 +0300
Processing by Api::TransactionsController#create as */*
  Parameters: {"email"=>"maratozavar@gmail.com", "from_currency"=>"11", "to_currency"=>0.00013240990599999998, "exchange_rate"=>"0.000012971875", "exchange_fee"=>"0.000004280719", "recipient_address"=>"1A1zP1eP5QGefi2DMPTfTL5SLmv7DivfNa", "transaction"=>{"email"=>"maratozavar@gmail.com", "recipient_address"=>"1A1zP1eP5QGefi2DMPTfTL5SLmv7DivfNa", "from_currency"=>"11", "to_currency"=>0.00013240990599999998, "exchange_rate"=>"0.000012971875", "exchange_fee"=>"0.000004280719"}}
  [1m[36mTRANSACTION (0.1ms)[0m  [1m[35mBEGIN /*action='create',application='CryptoServer',controller='transactions'*/[0m
  ↳ app/controllers/api/transactions_controller.rb:10:in `create'
  [1m[36mTransaction Create (1.6ms)[0m  [1m[32mINSERT INTO "transactions" ("date_time", "email", "recipient_address", "from_currency", "to_currency", "exchange_rate", "exchange_fee", "status", "created_at", "updated_at") VALUES ('2025-04-07 13:18:35.756956', 'maratozavar@gmail.com', '1A1zP1eP5QGefi2DMPTfTL5SLmv7DivfNa', 11.0, 0.0001324099, 0.0000129719, 0.0000042807, 'Success', '2025-04-07 13:18:35.756448', '2025-04-07 13:18:35.756448') RETURNING "id" /*action='create',application='CryptoServer',controller='transactions'*/[0m
  ↳ app/controllers/api/transactions_controller.rb:10:in `create'
  [1m[36mTRANSACTION (0.8ms)[0m  [1m[35mCOMMIT /*action='create',application='CryptoServer',controller='transactions'*/[0m
  ↳ app/controllers/api/transactions_controller.rb:10:in `create'
Completed 201 Created in 23ms (Views: 0.4ms | ActiveRecord: 8.4ms (1 query, 0 cached) | GC: 0.0ms)


Started POST "/api/transactions" for ::1 at 2025-04-07 16:20:36 +0300
Processing by Api::TransactionsController#create as */*
  Parameters: {"email"=>"marat.tuleev@kuper.ru", "from_currency"=>"11", "to_currency"=>"0.000132501444", "exchange_rate"=>"0.000012980454", "exchange_fee"=>"0.000004283550", "recipient_address"=>"1A1zP1eP5QGefi2DMPTfTL5SLmv7DivfNa", "transaction"=>{"email"=>"marat.tuleev@kuper.ru", "recipient_address"=>"1A1zP1eP5QGefi2DMPTfTL5SLmv7DivfNa", "from_currency"=>"11", "to_currency"=>"0.000132501444", "exchange_rate"=>"0.000012980454", "exchange_fee"=>"0.000004283550"}}
  [1m[36mTRANSACTION (5.8ms)[0m  [1m[35mBEGIN /*action='create',application='CryptoServer',controller='transactions'*/[0m
  ↳ app/controllers/api/transactions_controller.rb:10:in `create'
  [1m[36mTransaction Create (9.4ms)[0m  [1m[32mINSERT INTO "transactions" ("date_time", "email", "recipient_address", "from_currency", "to_currency", "exchange_rate", "exchange_fee", "status", "created_at", "updated_at") VALUES ('2025-04-07 13:20:36.555313', 'marat.tuleev@kuper.ru', '1A1zP1eP5QGefi2DMPTfTL5SLmv7DivfNa', 11.0, 0.0001325014, 0.0000129805, 0.0000042836, 'Success', '2025-04-07 13:20:36.555284', '2025-04-07 13:20:36.555284') RETURNING "id" /*action='create',application='CryptoServer',controller='transactions'*/[0m
  ↳ app/controllers/api/transactions_controller.rb:10:in `create'
  [1m[36mTRANSACTION (1.6ms)[0m  [1m[35mCOMMIT /*action='create',application='CryptoServer',controller='transactions'*/[0m
  ↳ app/controllers/api/transactions_controller.rb:10:in `create'
Completed 201 Created in 16ms (Views: 0.3ms | ActiveRecord: 16.8ms (1 query, 0 cached) | GC: 0.0ms)


